Started GET "/" for 127.0.0.1 at 2021-01-20 13:03:09 +0100
  [1m[35m (6.2ms)[0m  [1m[34mSELECT sqlite_version(*)[0m
Processing by Rails::WelcomeController#index as HTML
  Rendering D:/Ruby/Ruby30-x64/lib/ruby/gems/3.0.0/gems/railties-6.1.1/lib/rails/templates/rails/welcome/index.html.erb
  Rendered D:/Ruby/Ruby30-x64/lib/ruby/gems/3.0.0/gems/railties-6.1.1/lib/rails/templates/rails/welcome/index.html.erb (Duration: 11.4ms | Allocations: 545)
Completed 200 OK in 82ms (Views: 39.1ms | ActiveRecord: 0.0ms | Allocations: 4434)


Started GET "/" for 127.0.0.1 at 2021-01-20 13:18:12 +0100
  [1m[35m (0.5ms)[0m  [1m[34mSELECT sqlite_version(*)[0m
Processing by Rails::WelcomeController#index as HTML
  Rendering D:/Ruby/Ruby30-x64/lib/ruby/gems/3.0.0/gems/railties-6.1.1/lib/rails/templates/rails/welcome/index.html.erb
  Rendered D:/Ruby/Ruby30-x64/lib/ruby/gems/3.0.0/gems/railties-6.1.1/lib/rails/templates/rails/welcome/index.html.erb (Duration: 4.2ms | Allocations: 418)
Completed 200 OK in 48ms (Views: 17.0ms | ActiveRecord: 0.0ms | Allocations: 3096)


Started GET "/" for 127.0.0.1 at 2021-01-20 13:25:29 +0100
Processing by Rails::WelcomeController#index as HTML
  Rendering D:/Ruby/Ruby30-x64/lib/ruby/gems/3.0.0/gems/railties-6.1.1/lib/rails/templates/rails/welcome/index.html.erb
  Rendered D:/Ruby/Ruby30-x64/lib/ruby/gems/3.0.0/gems/railties-6.1.1/lib/rails/templates/rails/welcome/index.html.erb (Duration: 3.6ms | Allocations: 221)
Completed 200 OK in 7ms (Views: 4.8ms | Allocations: 950)


Started GET "/" for 127.0.0.1 at 2021-01-20 13:25:31 +0100
Processing by Rails::WelcomeController#index as HTML
  Rendering D:/Ruby/Ruby30-x64/lib/ruby/gems/3.0.0/gems/railties-6.1.1/lib/rails/templates/rails/welcome/index.html.erb
  Rendered D:/Ruby/Ruby30-x64/lib/ruby/gems/3.0.0/gems/railties-6.1.1/lib/rails/templates/rails/welcome/index.html.erb (Duration: 0.6ms | Allocations: 48)
Completed 200 OK in 4ms (Views: 3.3ms | Allocations: 408)


Started GET "/" for 127.0.0.1 at 2021-01-20 13:25:31 +0100
Processing by Rails::WelcomeController#index as HTML
  Rendering D:/Ruby/Ruby30-x64/lib/ruby/gems/3.0.0/gems/railties-6.1.1/lib/rails/templates/rails/welcome/index.html.erb
  Rendered D:/Ruby/Ruby30-x64/lib/ruby/gems/3.0.0/gems/railties-6.1.1/lib/rails/templates/rails/welcome/index.html.erb (Duration: 0.2ms | Allocations: 47)
Completed 200 OK in 2ms (Views: 2.1ms | Allocations: 400)


Started GET "/" for 127.0.0.1 at 2021-01-20 13:25:32 +0100
Processing by Rails::WelcomeController#index as HTML
  Rendering D:/Ruby/Ruby30-x64/lib/ruby/gems/3.0.0/gems/railties-6.1.1/lib/rails/templates/rails/welcome/index.html.erb
  Rendered D:/Ruby/Ruby30-x64/lib/ruby/gems/3.0.0/gems/railties-6.1.1/lib/rails/templates/rails/welcome/index.html.erb (Duration: 0.2ms | Allocations: 47)
Completed 200 OK in 3ms (Views: 2.2ms | Allocations: 400)


Started GET "/" for 127.0.0.1 at 2021-01-20 13:25:32 +0100
Processing by Rails::WelcomeController#index as HTML
  Rendering D:/Ruby/Ruby30-x64/lib/ruby/gems/3.0.0/gems/railties-6.1.1/lib/rails/templates/rails/welcome/index.html.erb
  Rendered D:/Ruby/Ruby30-x64/lib/ruby/gems/3.0.0/gems/railties-6.1.1/lib/rails/templates/rails/welcome/index.html.erb (Duration: 0.2ms | Allocations: 47)
Completed 200 OK in 3ms (Views: 2.1ms | Allocations: 400)


Started GET "/" for 127.0.0.1 at 2021-01-20 13:25:32 +0100
Processing by Rails::WelcomeController#index as HTML
  Rendering D:/Ruby/Ruby30-x64/lib/ruby/gems/3.0.0/gems/railties-6.1.1/lib/rails/templates/rails/welcome/index.html.erb
  Rendered D:/Ruby/Ruby30-x64/lib/ruby/gems/3.0.0/gems/railties-6.1.1/lib/rails/templates/rails/welcome/index.html.erb (Duration: 0.2ms | Allocations: 47)
Completed 200 OK in 2ms (Views: 2.0ms | Allocations: 400)


Started GET "/" for 127.0.0.1 at 2021-01-20 13:25:32 +0100
Processing by Rails::WelcomeController#index as HTML
  Rendering D:/Ruby/Ruby30-x64/lib/ruby/gems/3.0.0/gems/railties-6.1.1/lib/rails/templates/rails/welcome/index.html.erb
  Rendered D:/Ruby/Ruby30-x64/lib/ruby/gems/3.0.0/gems/railties-6.1.1/lib/rails/templates/rails/welcome/index.html.erb (Duration: 0.2ms | Allocations: 47)
Completed 200 OK in 3ms (Views: 2.7ms | Allocations: 400)


Started GET "/" for 127.0.0.1 at 2021-01-20 13:25:32 +0100
Processing by Rails::WelcomeController#index as HTML
  Rendering D:/Ruby/Ruby30-x64/lib/ruby/gems/3.0.0/gems/railties-6.1.1/lib/rails/templates/rails/welcome/index.html.erb
  Rendered D:/Ruby/Ruby30-x64/lib/ruby/gems/3.0.0/gems/railties-6.1.1/lib/rails/templates/rails/welcome/index.html.erb (Duration: 0.3ms | Allocations: 48)
Completed 200 OK in 3ms (Views: 2.8ms | Allocations: 406)


Started GET "/" for 127.0.0.1 at 2021-01-20 13:26:47 +0100
Processing by Rails::WelcomeController#index as HTML
  Rendering D:/Ruby/Ruby30-x64/lib/ruby/gems/3.0.0/gems/railties-6.1.1/lib/rails/templates/rails/welcome/index.html.erb
  Rendered D:/Ruby/Ruby30-x64/lib/ruby/gems/3.0.0/gems/railties-6.1.1/lib/rails/templates/rails/welcome/index.html.erb (Duration: 5.5ms | Allocations: 221)
Completed 200 OK in 8ms (Views: 6.5ms | Allocations: 948)


Started GET "/" for 127.0.0.1 at 2021-01-20 13:30:30 +0100
  
SyntaxError (C:/Users/pance/Macro_Exclusive/Macro_Exclusive/app/controllers/welcome_controller.rb:2: syntax error, unexpected '/', expecting ';' or '\n'
  def strona/index
            ^
C:/Users/pance/Macro_Exclusive/Macro_Exclusive/app/controllers/welcome_controller.rb:4: syntax error, unexpected `end', expecting end-of-input):
  
app/controllers/welcome_controller.rb:2: syntax error, unexpected '/', expecting ';' or '\n'
app/controllers/welcome_controller.rb:4: syntax error, unexpected `end', expecting end-of-input
app/controllers/welcome_controller.rb:2: syntax error, unexpected '/', expecting ';' or '\n'
app/controllers/welcome_controller.rb:4: syntax error, unexpected `end', expecting end-of-input
app/controllers/welcome_controller.rb:2: syntax error, unexpected '/', expecting ';' or '\n'
app/controllers/welcome_controller.rb:4: syntax error, unexpected `end', expecting end-of-input
Started GET "/" for 127.0.0.1 at 2021-01-20 13:30:59 +0100
  
SyntaxError (C:/Users/pance/Macro_Exclusive/Macro_Exclusive/app/controllers/welcome_controller.rb:2: syntax error, unexpected '/', expecting ';' or '\n'
  def strona/index
            ^
C:/Users/pance/Macro_Exclusive/Macro_Exclusive/app/controllers/welcome_controller.rb:4: syntax error, unexpected `end', expecting end-of-input):
  
app/controllers/welcome_controller.rb:2: syntax error, unexpected '/', expecting ';' or '\n'
app/controllers/welcome_controller.rb:4: syntax error, unexpected `end', expecting end-of-input
app/controllers/welcome_controller.rb:2: syntax error, unexpected '/', expecting ';' or '\n'
app/controllers/welcome_controller.rb:4: syntax error, unexpected `end', expecting end-of-input
app/controllers/welcome_controller.rb:2: syntax error, unexpected '/', expecting ';' or '\n'
app/controllers/welcome_controller.rb:4: syntax error, unexpected `end', expecting end-of-input
Started GET "/" for 127.0.0.1 at 2021-01-20 13:31:00 +0100
  
SyntaxError (C:/Users/pance/Macro_Exclusive/Macro_Exclusive/app/controllers/welcome_controller.rb:2: syntax error, unexpected '/', expecting ';' or '\n'
  def strona/index
            ^
C:/Users/pance/Macro_Exclusive/Macro_Exclusive/app/controllers/welcome_controller.rb:4: syntax error, unexpected `end', expecting end-of-input):
  
app/controllers/welcome_controller.rb:2: syntax error, unexpected '/', expecting ';' or '\n'
app/controllers/welcome_controller.rb:4: syntax error, unexpected `end', expecting end-of-input
app/controllers/welcome_controller.rb:2: syntax error, unexpected '/', expecting ';' or '\n'
app/controllers/welcome_controller.rb:4: syntax error, unexpected `end', expecting end-of-input
app/controllers/welcome_controller.rb:2: syntax error, unexpected '/', expecting ';' or '\n'
app/controllers/welcome_controller.rb:4: syntax error, unexpected `end', expecting end-of-input
Started GET "/" for 127.0.0.1 at 2021-01-20 13:31:00 +0100
  
SyntaxError (C:/Users/pance/Macro_Exclusive/Macro_Exclusive/app/controllers/welcome_controller.rb:2: syntax error, unexpected '/', expecting ';' or '\n'
  def strona/index
            ^
C:/Users/pance/Macro_Exclusive/Macro_Exclusive/app/controllers/welcome_controller.rb:4: syntax error, unexpected `end', expecting end-of-input):
  
app/controllers/welcome_controller.rb:2: syntax error, unexpected '/', expecting ';' or '\n'
app/controllers/welcome_controller.rb:4: syntax error, unexpected `end', expecting end-of-input
app/controllers/welcome_controller.rb:2: syntax error, unexpected '/', expecting ';' or '\n'
app/controllers/welcome_controller.rb:4: syntax error, unexpected `end', expecting end-of-input
app/controllers/welcome_controller.rb:2: syntax error, unexpected '/', expecting ';' or '\n'
app/controllers/welcome_controller.rb:4: syntax error, unexpected `end', expecting end-of-input
Started GET "/" for 127.0.0.1 at 2021-01-20 13:31:13 +0100
  
SyntaxError (C:/Users/pance/Macro_Exclusive/Macro_Exclusive/app/controllers/welcome_controller.rb:2: syntax error, unexpected '/', expecting ';' or '\n'
  def strona/index
            ^
C:/Users/pance/Macro_Exclusive/Macro_Exclusive/app/controllers/welcome_controller.rb:4: syntax error, unexpected `end', expecting end-of-input):
  
app/controllers/welcome_controller.rb:2: syntax error, unexpected '/', expecting ';' or '\n'
app/controllers/welcome_controller.rb:4: syntax error, unexpected `end', expecting end-of-input
app/controllers/welcome_controller.rb:2: syntax error, unexpected '/', expecting ';' or '\n'
app/controllers/welcome_controller.rb:4: syntax error, unexpected `end', expecting end-of-input
app/controllers/welcome_controller.rb:2: syntax error, unexpected '/', expecting ';' or '\n'
app/controllers/welcome_controller.rb:4: syntax error, unexpected `end', expecting end-of-input
Started GET "/" for 127.0.0.1 at 2021-01-20 13:31:14 +0100
  
SyntaxError (C:/Users/pance/Macro_Exclusive/Macro_Exclusive/app/controllers/welcome_controller.rb:2: syntax error, unexpected '/', expecting ';' or '\n'
  def strona/index
            ^
C:/Users/pance/Macro_Exclusive/Macro_Exclusive/app/controllers/welcome_controller.rb:4: syntax error, unexpected `end', expecting end-of-input):
  
app/controllers/welcome_controller.rb:2: syntax error, unexpected '/', expecting ';' or '\n'
app/controllers/welcome_controller.rb:4: syntax error, unexpected `end', expecting end-of-input
app/controllers/welcome_controller.rb:2: syntax error, unexpected '/', expecting ';' or '\n'
app/controllers/welcome_controller.rb:4: syntax error, unexpected `end', expecting end-of-input
app/controllers/welcome_controller.rb:2: syntax error, unexpected '/', expecting ';' or '\n'
app/controllers/welcome_controller.rb:4: syntax error, unexpected `end', expecting end-of-input
Started GET "/" for 127.0.0.1 at 2021-01-20 13:31:14 +0100
  
SyntaxError (C:/Users/pance/Macro_Exclusive/Macro_Exclusive/app/controllers/welcome_controller.rb:2: syntax error, unexpected '/', expecting ';' or '\n'
  def strona/index
            ^
C:/Users/pance/Macro_Exclusive/Macro_Exclusive/app/controllers/welcome_controller.rb:4: syntax error, unexpected `end', expecting end-of-input):
  
app/controllers/welcome_controller.rb:2: syntax error, unexpected '/', expecting ';' or '\n'
app/controllers/welcome_controller.rb:4: syntax error, unexpected `end', expecting end-of-input
app/controllers/welcome_controller.rb:2: syntax error, unexpected '/', expecting ';' or '\n'
app/controllers/welcome_controller.rb:4: syntax error, unexpected `end', expecting end-of-input
app/controllers/welcome_controller.rb:2: syntax error, unexpected '/', expecting ';' or '\n'
app/controllers/welcome_controller.rb:4: syntax error, unexpected `end', expecting end-of-input
Started GET "/" for 127.0.0.1 at 2021-01-20 13:31:14 +0100
  
SyntaxError (C:/Users/pance/Macro_Exclusive/Macro_Exclusive/app/controllers/welcome_controller.rb:2: syntax error, unexpected '/', expecting ';' or '\n'
  def strona/index
            ^
C:/Users/pance/Macro_Exclusive/Macro_Exclusive/app/controllers/welcome_controller.rb:4: syntax error, unexpected `end', expecting end-of-input):
  
app/controllers/welcome_controller.rb:2: syntax error, unexpected '/', expecting ';' or '\n'
app/controllers/welcome_controller.rb:4: syntax error, unexpected `end', expecting end-of-input
app/controllers/welcome_controller.rb:2: syntax error, unexpected '/', expecting ';' or '\n'
app/controllers/welcome_controller.rb:4: syntax error, unexpected `end', expecting end-of-input
app/controllers/welcome_controller.rb:2: syntax error, unexpected '/', expecting ';' or '\n'
app/controllers/welcome_controller.rb:4: syntax error, unexpected `end', expecting end-of-input
Started GET "/" for 127.0.0.1 at 2021-01-20 13:31:15 +0100
  
SyntaxError (C:/Users/pance/Macro_Exclusive/Macro_Exclusive/app/controllers/welcome_controller.rb:2: syntax error, unexpected '/', expecting ';' or '\n'
  def strona/index
            ^
C:/Users/pance/Macro_Exclusive/Macro_Exclusive/app/controllers/welcome_controller.rb:4: syntax error, unexpected `end', expecting end-of-input):
  
app/controllers/welcome_controller.rb:2: syntax error, unexpected '/', expecting ';' or '\n'
app/controllers/welcome_controller.rb:4: syntax error, unexpected `end', expecting end-of-input
app/controllers/welcome_controller.rb:2: syntax error, unexpected '/', expecting ';' or '\n'
app/controllers/welcome_controller.rb:4: syntax error, unexpected `end', expecting end-of-input
app/controllers/welcome_controller.rb:2: syntax error, unexpected '/', expecting ';' or '\n'
app/controllers/welcome_controller.rb:4: syntax error, unexpected `end', expecting end-of-input
Started GET "/" for 127.0.0.1 at 2021-01-20 13:31:29 +0100
Processing by WelcomeController#index as HTML
Completed 406 Not Acceptable in 11ms (Allocations: 1934)


  
ActionController::MissingExactTemplate (WelcomeController#index is missing a template for request formats: text/html):
  
actionpack (6.1.1) lib/action_controller/metal/implicit_render.rb:45:in `default_render'
actionpack (6.1.1) lib/action_controller/metal/basic_implicit_render.rb:6:in `block in send_action'
<internal:kernel>:90:in `tap'
actionpack (6.1.1) lib/action_controller/metal/basic_implicit_render.rb:6:in `send_action'
actionpack (6.1.1) lib/abstract_controller/base.rb:228:in `process_action'
actionpack (6.1.1) lib/action_controller/metal/rendering.rb:30:in `process_action'
actionpack (6.1.1) lib/abstract_controller/callbacks.rb:42:in `block in process_action'
activesupport (6.1.1) lib/active_support/callbacks.rb:117:in `block in run_callbacks'
actiontext (6.1.1) lib/action_text/rendering.rb:20:in `with_renderer'
actiontext (6.1.1) lib/action_text/engine.rb:55:in `block (4 levels) in <class:Engine>'
activesupport (6.1.1) lib/active_support/callbacks.rb:126:in `instance_exec'
activesupport (6.1.1) lib/active_support/callbacks.rb:126:in `block in run_callbacks'
activesupport (6.1.1) lib/active_support/callbacks.rb:137:in `run_callbacks'
actionpack (6.1.1) lib/abstract_controller/callbacks.rb:41:in `process_action'
actionpack (6.1.1) lib/action_controller/metal/rescue.rb:22:in `process_action'
actionpack (6.1.1) lib/action_controller/metal/instrumentation.rb:34:in `block in process_action'
activesupport (6.1.1) lib/active_support/notifications.rb:203:in `block in instrument'
activesupport (6.1.1) lib/active_support/notifications/instrumenter.rb:24:in `instrument'
activesupport (6.1.1) lib/active_support/notifications.rb:203:in `instrument'
actionpack (6.1.1) lib/action_controller/metal/instrumentation.rb:33:in `process_action'
actionpack (6.1.1) lib/action_controller/metal/params_wrapper.rb:249:in `process_action'
activerecord (6.1.1) lib/active_record/railties/controller_runtime.rb:27:in `process_action'
actionpack (6.1.1) lib/abstract_controller/base.rb:165:in `process'
actionview (6.1.1) lib/action_view/rendering.rb:39:in `process'
actionpack (6.1.1) lib/action_controller/metal.rb:190:in `dispatch'
actionpack (6.1.1) lib/action_controller/metal.rb:254:in `dispatch'
actionpack (6.1.1) lib/action_dispatch/routing/route_set.rb:50:in `dispatch'
actionpack (6.1.1) lib/action_dispatch/routing/route_set.rb:33:in `serve'
actionpack (6.1.1) lib/action_dispatch/journey/router.rb:50:in `block in serve'
actionpack (6.1.1) lib/action_dispatch/journey/router.rb:32:in `each'
actionpack (6.1.1) lib/action_dispatch/journey/router.rb:32:in `serve'
actionpack (6.1.1) lib/action_dispatch/routing/route_set.rb:842:in `call'
rack (2.2.3) lib/rack/tempfile_reaper.rb:15:in `call'
rack (2.2.3) lib/rack/etag.rb:27:in `call'
rack (2.2.3) lib/rack/conditional_get.rb:27:in `call'
rack (2.2.3) lib/rack/head.rb:12:in `call'
actionpack (6.1.1) lib/action_dispatch/http/permissions_policy.rb:22:in `call'
actionpack (6.1.1) lib/action_dispatch/http/content_security_policy.rb:18:in `call'
rack (2.2.3) lib/rack/session/abstract/id.rb:266:in `context'
rack (2.2.3) lib/rack/session/abstract/id.rb:260:in `call'
actionpack (6.1.1) lib/action_dispatch/middleware/cookies.rb:689:in `call'
activerecord (6.1.1) lib/active_record/migration.rb:601:in `call'
actionpack (6.1.1) lib/action_dispatch/middleware/callbacks.rb:27:in `block in call'
activesupport (6.1.1) lib/active_support/callbacks.rb:98:in `run_callbacks'
actionpack (6.1.1) lib/action_dispatch/middleware/callbacks.rb:26:in `call'
actionpack (6.1.1) lib/action_dispatch/middleware/executor.rb:14:in `call'
actionpack (6.1.1) lib/action_dispatch/middleware/actionable_exceptions.rb:18:in `call'
actionpack (6.1.1) lib/action_dispatch/middleware/debug_exceptions.rb:29:in `call'
web-console (4.1.0) lib/web_console/middleware.rb:132:in `call_app'
web-console (4.1.0) lib/web_console/middleware.rb:28:in `block in call'
web-console (4.1.0) lib/web_console/middleware.rb:17:in `catch'
web-console (4.1.0) lib/web_console/middleware.rb:17:in `call'
actionpack (6.1.1) lib/action_dispatch/middleware/show_exceptions.rb:33:in `call'
railties (6.1.1) lib/rails/rack/logger.rb:37:in `call_app'
railties (6.1.1) lib/rails/rack/logger.rb:26:in `block in call'
activesupport (6.1.1) lib/active_support/tagged_logging.rb:99:in `block in tagged'
activesupport (6.1.1) lib/active_support/tagged_logging.rb:37:in `tagged'
activesupport (6.1.1) lib/active_support/tagged_logging.rb:99:in `tagged'
railties (6.1.1) lib/rails/rack/logger.rb:26:in `call'
sprockets-rails (3.2.2) lib/sprockets/rails/quiet_assets.rb:13:in `call'
actionpack (6.1.1) lib/action_dispatch/middleware/remote_ip.rb:81:in `call'
actionpack (6.1.1) lib/action_dispatch/middleware/request_id.rb:26:in `call'
rack (2.2.3) lib/rack/method_override.rb:24:in `call'
rack (2.2.3) lib/rack/runtime.rb:22:in `call'
activesupport (6.1.1) lib/active_support/cache/strategy/local_cache_middleware.rb:29:in `call'
actionpack (6.1.1) lib/action_dispatch/middleware/executor.rb:14:in `call'
actionpack (6.1.1) lib/action_dispatch/middleware/static.rb:24:in `call'
rack (2.2.3) lib/rack/sendfile.rb:110:in `call'
actionpack (6.1.1) lib/action_dispatch/middleware/host_authorization.rb:98:in `call'
rack-mini-profiler (2.3.0) lib/mini_profiler/profiler.rb:373:in `call'
webpacker (5.2.1) lib/webpacker/dev_server_proxy.rb:25:in `perform_request'
rack-proxy (0.6.5) lib/rack/proxy.rb:57:in `call'
railties (6.1.1) lib/rails/engine.rb:539:in `call'
puma (5.1.1) lib/puma/configuration.rb:246:in `call'
puma (5.1.1) lib/puma/request.rb:76:in `block in handle_request'
puma (5.1.1) lib/puma/thread_pool.rb:337:in `with_force_shutdown'
puma (5.1.1) lib/puma/request.rb:75:in `handle_request'
puma (5.1.1) lib/puma/server.rb:431:in `process_client'
puma (5.1.1) lib/puma/thread_pool.rb:145:in `block in spawn_thread'
Started GET "/" for 127.0.0.1 at 2021-01-20 13:31:30 +0100
Processing by WelcomeController#index as HTML
Completed 406 Not Acceptable in 1ms (Allocations: 610)


  
ActionController::MissingExactTemplate (WelcomeController#index is missing a template for request formats: text/html):
  
actionpack (6.1.1) lib/action_controller/metal/implicit_render.rb:45:in `default_render'
actionpack (6.1.1) lib/action_controller/metal/basic_implicit_render.rb:6:in `block in send_action'
<internal:kernel>:90:in `tap'
actionpack (6.1.1) lib/action_controller/metal/basic_implicit_render.rb:6:in `send_action'
actionpack (6.1.1) lib/abstract_controller/base.rb:228:in `process_action'
actionpack (6.1.1) lib/action_controller/metal/rendering.rb:30:in `process_action'
actionpack (6.1.1) lib/abstract_controller/callbacks.rb:42:in `block in process_action'
activesupport (6.1.1) lib/active_support/callbacks.rb:117:in `block in run_callbacks'
actiontext (6.1.1) lib/action_text/rendering.rb:20:in `with_renderer'
actiontext (6.1.1) lib/action_text/engine.rb:55:in `block (4 levels) in <class:Engine>'
activesupport (6.1.1) lib/active_support/callbacks.rb:126:in `instance_exec'
activesupport (6.1.1) lib/active_support/callbacks.rb:126:in `block in run_callbacks'
activesupport (6.1.1) lib/active_support/callbacks.rb:137:in `run_callbacks'
actionpack (6.1.1) lib/abstract_controller/callbacks.rb:41:in `process_action'
actionpack (6.1.1) lib/action_controller/metal/rescue.rb:22:in `process_action'
actionpack (6.1.1) lib/action_controller/metal/instrumentation.rb:34:in `block in process_action'
activesupport (6.1.1) lib/active_support/notifications.rb:203:in `block in instrument'
activesupport (6.1.1) lib/active_support/notifications/instrumenter.rb:24:in `instrument'
activesupport (6.1.1) lib/active_support/notifications.rb:203:in `instrument'
actionpack (6.1.1) lib/action_controller/metal/instrumentation.rb:33:in `process_action'
actionpack (6.1.1) lib/action_controller/metal/params_wrapper.rb:249:in `process_action'
activerecord (6.1.1) lib/active_record/railties/controller_runtime.rb:27:in `process_action'
actionpack (6.1.1) lib/abstract_controller/base.rb:165:in `process'
actionview (6.1.1) lib/action_view/rendering.rb:39:in `process'
actionpack (6.1.1) lib/action_controller/metal.rb:190:in `dispatch'
actionpack (6.1.1) lib/action_controller/metal.rb:254:in `dispatch'
actionpack (6.1.1) lib/action_dispatch/routing/route_set.rb:50:in `dispatch'
actionpack (6.1.1) lib/action_dispatch/routing/route_set.rb:33:in `serve'
actionpack (6.1.1) lib/action_dispatch/journey/router.rb:50:in `block in serve'
actionpack (6.1.1) lib/action_dispatch/journey/router.rb:32:in `each'
actionpack (6.1.1) lib/action_dispatch/journey/router.rb:32:in `serve'
actionpack (6.1.1) lib/action_dispatch/routing/route_set.rb:842:in `call'
rack (2.2.3) lib/rack/tempfile_reaper.rb:15:in `call'
rack (2.2.3) lib/rack/etag.rb:27:in `call'
rack (2.2.3) lib/rack/conditional_get.rb:27:in `call'
rack (2.2.3) lib/rack/head.rb:12:in `call'
actionpack (6.1.1) lib/action_dispatch/http/permissions_policy.rb:22:in `call'
actionpack (6.1.1) lib/action_dispatch/http/content_security_policy.rb:18:in `call'
rack (2.2.3) lib/rack/session/abstract/id.rb:266:in `context'
rack (2.2.3) lib/rack/session/abstract/id.rb:260:in `call'
actionpack (6.1.1) lib/action_dispatch/middleware/cookies.rb:689:in `call'
activerecord (6.1.1) lib/active_record/migration.rb:601:in `call'
actionpack (6.1.1) lib/action_dispatch/middleware/callbacks.rb:27:in `block in call'
activesupport (6.1.1) lib/active_support/callbacks.rb:98:in `run_callbacks'
actionpack (6.1.1) lib/action_dispatch/middleware/callbacks.rb:26:in `call'
actionpack (6.1.1) lib/action_dispatch/middleware/executor.rb:14:in `call'
actionpack (6.1.1) lib/action_dispatch/middleware/actionable_exceptions.rb:18:in `call'
actionpack (6.1.1) lib/action_dispatch/middleware/debug_exceptions.rb:29:in `call'
web-console (4.1.0) lib/web_console/middleware.rb:132:in `call_app'
web-console (4.1.0) lib/web_console/middleware.rb:28:in `block in call'
web-console (4.1.0) lib/web_console/middleware.rb:17:in `catch'
web-console (4.1.0) lib/web_console/middleware.rb:17:in `call'
actionpack (6.1.1) lib/action_dispatch/middleware/show_exceptions.rb:33:in `call'
railties (6.1.1) lib/rails/rack/logger.rb:37:in `call_app'
railties (6.1.1) lib/rails/rack/logger.rb:26:in `block in call'
activesupport (6.1.1) lib/active_support/tagged_logging.rb:99:in `block in tagged'
activesupport (6.1.1) lib/active_support/tagged_logging.rb:37:in `tagged'
activesupport (6.1.1) lib/active_support/tagged_logging.rb:99:in `tagged'
railties (6.1.1) lib/rails/rack/logger.rb:26:in `call'
sprockets-rails (3.2.2) lib/sprockets/rails/quiet_assets.rb:13:in `call'
actionpack (6.1.1) lib/action_dispatch/middleware/remote_ip.rb:81:in `call'
actionpack (6.1.1) lib/action_dispatch/middleware/request_id.rb:26:in `call'
rack (2.2.3) lib/rack/method_override.rb:24:in `call'
rack (2.2.3) lib/rack/runtime.rb:22:in `call'
activesupport (6.1.1) lib/active_support/cache/strategy/local_cache_middleware.rb:29:in `call'
actionpack (6.1.1) lib/action_dispatch/middleware/executor.rb:14:in `call'
actionpack (6.1.1) lib/action_dispatch/middleware/static.rb:24:in `call'
rack (2.2.3) lib/rack/sendfile.rb:110:in `call'
actionpack (6.1.1) lib/action_dispatch/middleware/host_authorization.rb:98:in `call'
rack-mini-profiler (2.3.0) lib/mini_profiler/profiler.rb:373:in `call'
webpacker (5.2.1) lib/webpacker/dev_server_proxy.rb:25:in `perform_request'
rack-proxy (0.6.5) lib/rack/proxy.rb:57:in `call'
railties (6.1.1) lib/rails/engine.rb:539:in `call'
puma (5.1.1) lib/puma/configuration.rb:246:in `call'
puma (5.1.1) lib/puma/request.rb:76:in `block in handle_request'
puma (5.1.1) lib/puma/thread_pool.rb:337:in `with_force_shutdown'
puma (5.1.1) lib/puma/request.rb:75:in `handle_request'
puma (5.1.1) lib/puma/server.rb:431:in `process_client'
puma (5.1.1) lib/puma/thread_pool.rb:145:in `block in spawn_thread'
Started GET "/" for 127.0.0.1 at 2021-01-20 13:33:08 +0100
  
SyntaxError (C:/Users/pance/Macro_Exclusive/Macro_Exclusive/app/controllers/welcome_controller.rb:2: syntax error, unexpected '/', expecting ';' or '\n'
  def strona/index
            ^
C:/Users/pance/Macro_Exclusive/Macro_Exclusive/app/controllers/welcome_controller.rb:4: syntax error, unexpected `end', expecting end-of-input):
  
app/controllers/welcome_controller.rb:2: syntax error, unexpected '/', expecting ';' or '\n'
app/controllers/welcome_controller.rb:4: syntax error, unexpected `end', expecting end-of-input
app/controllers/welcome_controller.rb:2: syntax error, unexpected '/', expecting ';' or '\n'
app/controllers/welcome_controller.rb:4: syntax error, unexpected `end', expecting end-of-input
app/controllers/welcome_controller.rb:2: syntax error, unexpected '/', expecting ';' or '\n'
app/controllers/welcome_controller.rb:4: syntax error, unexpected `end', expecting end-of-input
Started GET "/" for 127.0.0.1 at 2021-01-20 13:33:24 +0100
  
SyntaxError (C:/Users/pance/Macro_Exclusive/Macro_Exclusive/app/controllers/welcome_controller.rb:2: syntax error, unexpected '/', expecting ';' or '\n'
  def strona/index
            ^
C:/Users/pance/Macro_Exclusive/Macro_Exclusive/app/controllers/welcome_controller.rb:4: syntax error, unexpected `end', expecting end-of-input):
  
app/controllers/welcome_controller.rb:2: syntax error, unexpected '/', expecting ';' or '\n'
app/controllers/welcome_controller.rb:4: syntax error, unexpected `end', expecting end-of-input
app/controllers/welcome_controller.rb:2: syntax error, unexpected '/', expecting ';' or '\n'
app/controllers/welcome_controller.rb:4: syntax error, unexpected `end', expecting end-of-input
app/controllers/welcome_controller.rb:2: syntax error, unexpected '/', expecting ';' or '\n'
app/controllers/welcome_controller.rb:4: syntax error, unexpected `end', expecting end-of-input
Started GET "/" for 127.0.0.1 at 2021-01-20 13:35:58 +0100
  
SyntaxError (C:/Users/pance/Macro_Exclusive/Macro_Exclusive/app/controllers/welcome_controller.rb:2: syntax error, unexpected '/', expecting ';' or '\n'
  def strona/index
            ^
C:/Users/pance/Macro_Exclusive/Macro_Exclusive/app/controllers/welcome_controller.rb:4: syntax error, unexpected `end', expecting end-of-input):
  
app/controllers/welcome_controller.rb:2: syntax error, unexpected '/', expecting ';' or '\n'
app/controllers/welcome_controller.rb:4: syntax error, unexpected `end', expecting end-of-input
app/controllers/welcome_controller.rb:2: syntax error, unexpected '/', expecting ';' or '\n'
app/controllers/welcome_controller.rb:4: syntax error, unexpected `end', expecting end-of-input
app/controllers/welcome_controller.rb:2: syntax error, unexpected '/', expecting ';' or '\n'
app/controllers/welcome_controller.rb:4: syntax error, unexpected `end', expecting end-of-input
Started GET "/" for 127.0.0.1 at 2021-01-20 13:35:59 +0100
  
SyntaxError (C:/Users/pance/Macro_Exclusive/Macro_Exclusive/app/controllers/welcome_controller.rb:2: syntax error, unexpected '/', expecting ';' or '\n'
  def strona/index
            ^
C:/Users/pance/Macro_Exclusive/Macro_Exclusive/app/controllers/welcome_controller.rb:4: syntax error, unexpected `end', expecting end-of-input):
  
app/controllers/welcome_controller.rb:2: syntax error, unexpected '/', expecting ';' or '\n'
app/controllers/welcome_controller.rb:4: syntax error, unexpected `end', expecting end-of-input
app/controllers/welcome_controller.rb:2: syntax error, unexpected '/', expecting ';' or '\n'
app/controllers/welcome_controller.rb:4: syntax error, unexpected `end', expecting end-of-input
app/controllers/welcome_controller.rb:2: syntax error, unexpected '/', expecting ';' or '\n'
app/controllers/welcome_controller.rb:4: syntax error, unexpected `end', expecting end-of-input
Started GET "/" for 127.0.0.1 at 2021-01-20 13:35:59 +0100
  
SyntaxError (C:/Users/pance/Macro_Exclusive/Macro_Exclusive/app/controllers/welcome_controller.rb:2: syntax error, unexpected '/', expecting ';' or '\n'
  def strona/index
            ^
C:/Users/pance/Macro_Exclusive/Macro_Exclusive/app/controllers/welcome_controller.rb:4: syntax error, unexpected `end', expecting end-of-input):
  
app/controllers/welcome_controller.rb:2: syntax error, unexpected '/', expecting ';' or '\n'
app/controllers/welcome_controller.rb:4: syntax error, unexpected `end', expecting end-of-input
app/controllers/welcome_controller.rb:2: syntax error, unexpected '/', expecting ';' or '\n'
app/controllers/welcome_controller.rb:4: syntax error, unexpected `end', expecting end-of-input
app/controllers/welcome_controller.rb:2: syntax error, unexpected '/', expecting ';' or '\n'
app/controllers/welcome_controller.rb:4: syntax error, unexpected `end', expecting end-of-input
Started GET "/" for 127.0.0.1 at 2021-01-20 13:36:00 +0100
  
SyntaxError (C:/Users/pance/Macro_Exclusive/Macro_Exclusive/app/controllers/welcome_controller.rb:2: syntax error, unexpected '/', expecting ';' or '\n'
  def strona/index
            ^
C:/Users/pance/Macro_Exclusive/Macro_Exclusive/app/controllers/welcome_controller.rb:4: syntax error, unexpected `end', expecting end-of-input):
  
app/controllers/welcome_controller.rb:2: syntax error, unexpected '/', expecting ';' or '\n'
app/controllers/welcome_controller.rb:4: syntax error, unexpected `end', expecting end-of-input
app/controllers/welcome_controller.rb:2: syntax error, unexpected '/', expecting ';' or '\n'
app/controllers/welcome_controller.rb:4: syntax error, unexpected `end', expecting end-of-input
app/controllers/welcome_controller.rb:2: syntax error, unexpected '/', expecting ';' or '\n'
app/controllers/welcome_controller.rb:4: syntax error, unexpected `end', expecting end-of-input
Started GET "/" for 127.0.0.1 at 2021-01-20 13:36:00 +0100
  
SyntaxError (C:/Users/pance/Macro_Exclusive/Macro_Exclusive/app/controllers/welcome_controller.rb:2: syntax error, unexpected '/', expecting ';' or '\n'
  def strona/index
            ^
C:/Users/pance/Macro_Exclusive/Macro_Exclusive/app/controllers/welcome_controller.rb:4: syntax error, unexpected `end', expecting end-of-input):
  
app/controllers/welcome_controller.rb:2: syntax error, unexpected '/', expecting ';' or '\n'
app/controllers/welcome_controller.rb:4: syntax error, unexpected `end', expecting end-of-input
app/controllers/welcome_controller.rb:2: syntax error, unexpected '/', expecting ';' or '\n'
app/controllers/welcome_controller.rb:4: syntax error, unexpected `end', expecting end-of-input
app/controllers/welcome_controller.rb:2: syntax error, unexpected '/', expecting ';' or '\n'
app/controllers/welcome_controller.rb:4: syntax error, unexpected `end', expecting end-of-input
Started GET "/" for 127.0.0.1 at 2021-01-20 13:36:19 +0100
  
SyntaxError (C:/Users/pance/Macro_Exclusive/Macro_Exclusive/app/controllers/welcome_controller.rb:2: syntax error, unexpected '/', expecting ';' or '\n'
  def strona/index
            ^
C:/Users/pance/Macro_Exclusive/Macro_Exclusive/app/controllers/welcome_controller.rb:4: syntax error, unexpected `end', expecting end-of-input):
  
app/controllers/welcome_controller.rb:2: syntax error, unexpected '/', expecting ';' or '\n'
app/controllers/welcome_controller.rb:4: syntax error, unexpected `end', expecting end-of-input
app/controllers/welcome_controller.rb:2: syntax error, unexpected '/', expecting ';' or '\n'
app/controllers/welcome_controller.rb:4: syntax error, unexpected `end', expecting end-of-input
app/controllers/welcome_controller.rb:2: syntax error, unexpected '/', expecting ';' or '\n'
app/controllers/welcome_controller.rb:4: syntax error, unexpected `end', expecting end-of-input
Started GET "/" for 127.0.0.1 at 2021-01-20 13:36:20 +0100
  
SyntaxError (C:/Users/pance/Macro_Exclusive/Macro_Exclusive/app/controllers/welcome_controller.rb:2: syntax error, unexpected '/', expecting ';' or '\n'
  def strona/index
            ^
C:/Users/pance/Macro_Exclusive/Macro_Exclusive/app/controllers/welcome_controller.rb:4: syntax error, unexpected `end', expecting end-of-input):
  
app/controllers/welcome_controller.rb:2: syntax error, unexpected '/', expecting ';' or '\n'
app/controllers/welcome_controller.rb:4: syntax error, unexpected `end', expecting end-of-input
app/controllers/welcome_controller.rb:2: syntax error, unexpected '/', expecting ';' or '\n'
app/controllers/welcome_controller.rb:4: syntax error, unexpected `end', expecting end-of-input
app/controllers/welcome_controller.rb:2: syntax error, unexpected '/', expecting ';' or '\n'
app/controllers/welcome_controller.rb:4: syntax error, unexpected `end', expecting end-of-input
Started GET "/" for 127.0.0.1 at 2021-01-20 13:36:20 +0100
  
SyntaxError (C:/Users/pance/Macro_Exclusive/Macro_Exclusive/app/controllers/welcome_controller.rb:2: syntax error, unexpected '/', expecting ';' or '\n'
  def strona/index
            ^
C:/Users/pance/Macro_Exclusive/Macro_Exclusive/app/controllers/welcome_controller.rb:4: syntax error, unexpected `end', expecting end-of-input):
  
app/controllers/welcome_controller.rb:2: syntax error, unexpected '/', expecting ';' or '\n'
app/controllers/welcome_controller.rb:4: syntax error, unexpected `end', expecting end-of-input
app/controllers/welcome_controller.rb:2: syntax error, unexpected '/', expecting ';' or '\n'
app/controllers/welcome_controller.rb:4: syntax error, unexpected `end', expecting end-of-input
app/controllers/welcome_controller.rb:2: syntax error, unexpected '/', expecting ';' or '\n'
app/controllers/welcome_controller.rb:4: syntax error, unexpected `end', expecting end-of-input
Started GET "/" for 127.0.0.1 at 2021-01-20 13:36:20 +0100
  
SyntaxError (C:/Users/pance/Macro_Exclusive/Macro_Exclusive/app/controllers/welcome_controller.rb:2: syntax error, unexpected '/', expecting ';' or '\n'
  def strona/index
            ^
C:/Users/pance/Macro_Exclusive/Macro_Exclusive/app/controllers/welcome_controller.rb:4: syntax error, unexpected `end', expecting end-of-input):
  
app/controllers/welcome_controller.rb:2: syntax error, unexpected '/', expecting ';' or '\n'
app/controllers/welcome_controller.rb:4: syntax error, unexpected `end', expecting end-of-input
app/controllers/welcome_controller.rb:2: syntax error, unexpected '/', expecting ';' or '\n'
app/controllers/welcome_controller.rb:4: syntax error, unexpected `end', expecting end-of-input
app/controllers/welcome_controller.rb:2: syntax error, unexpected '/', expecting ';' or '\n'
app/controllers/welcome_controller.rb:4: syntax error, unexpected `end', expecting end-of-input
Started GET "/" for 127.0.0.1 at 2021-01-20 13:36:34 +0100
Processing by WelcomeController#index as HTML
Completed 406 Not Acceptable in 10ms (Allocations: 1845)


  
ActionController::MissingExactTemplate (WelcomeController#index is missing a template for request formats: text/html):
  
actionpack (6.1.1) lib/action_controller/metal/implicit_render.rb:45:in `default_render'
actionpack (6.1.1) lib/action_controller/metal/basic_implicit_render.rb:6:in `block in send_action'
<internal:kernel>:90:in `tap'
actionpack (6.1.1) lib/action_controller/metal/basic_implicit_render.rb:6:in `send_action'
actionpack (6.1.1) lib/abstract_controller/base.rb:228:in `process_action'
actionpack (6.1.1) lib/action_controller/metal/rendering.rb:30:in `process_action'
actionpack (6.1.1) lib/abstract_controller/callbacks.rb:42:in `block in process_action'
activesupport (6.1.1) lib/active_support/callbacks.rb:117:in `block in run_callbacks'
actiontext (6.1.1) lib/action_text/rendering.rb:20:in `with_renderer'
actiontext (6.1.1) lib/action_text/engine.rb:55:in `block (4 levels) in <class:Engine>'
activesupport (6.1.1) lib/active_support/callbacks.rb:126:in `instance_exec'
activesupport (6.1.1) lib/active_support/callbacks.rb:126:in `block in run_callbacks'
activesupport (6.1.1) lib/active_support/callbacks.rb:137:in `run_callbacks'
actionpack (6.1.1) lib/abstract_controller/callbacks.rb:41:in `process_action'
actionpack (6.1.1) lib/action_controller/metal/rescue.rb:22:in `process_action'
actionpack (6.1.1) lib/action_controller/metal/instrumentation.rb:34:in `block in process_action'
activesupport (6.1.1) lib/active_support/notifications.rb:203:in `block in instrument'
activesupport (6.1.1) lib/active_support/notifications/instrumenter.rb:24:in `instrument'
activesupport (6.1.1) lib/active_support/notifications.rb:203:in `instrument'
actionpack (6.1.1) lib/action_controller/metal/instrumentation.rb:33:in `process_action'
actionpack (6.1.1) lib/action_controller/metal/params_wrapper.rb:249:in `process_action'
activerecord (6.1.1) lib/active_record/railties/controller_runtime.rb:27:in `process_action'
actionpack (6.1.1) lib/abstract_controller/base.rb:165:in `process'
actionview (6.1.1) lib/action_view/rendering.rb:39:in `process'
actionpack (6.1.1) lib/action_controller/metal.rb:190:in `dispatch'
actionpack (6.1.1) lib/action_controller/metal.rb:254:in `dispatch'
actionpack (6.1.1) lib/action_dispatch/routing/route_set.rb:50:in `dispatch'
actionpack (6.1.1) lib/action_dispatch/routing/route_set.rb:33:in `serve'
actionpack (6.1.1) lib/action_dispatch/journey/router.rb:50:in `block in serve'
actionpack (6.1.1) lib/action_dispatch/journey/router.rb:32:in `each'
actionpack (6.1.1) lib/action_dispatch/journey/router.rb:32:in `serve'
actionpack (6.1.1) lib/action_dispatch/routing/route_set.rb:842:in `call'
rack (2.2.3) lib/rack/tempfile_reaper.rb:15:in `call'
rack (2.2.3) lib/rack/etag.rb:27:in `call'
rack (2.2.3) lib/rack/conditional_get.rb:27:in `call'
rack (2.2.3) lib/rack/head.rb:12:in `call'
actionpack (6.1.1) lib/action_dispatch/http/permissions_policy.rb:22:in `call'
actionpack (6.1.1) lib/action_dispatch/http/content_security_policy.rb:18:in `call'
rack (2.2.3) lib/rack/session/abstract/id.rb:266:in `context'
rack (2.2.3) lib/rack/session/abstract/id.rb:260:in `call'
actionpack (6.1.1) lib/action_dispatch/middleware/cookies.rb:689:in `call'
activerecord (6.1.1) lib/active_record/migration.rb:601:in `call'
actionpack (6.1.1) lib/action_dispatch/middleware/callbacks.rb:27:in `block in call'
activesupport (6.1.1) lib/active_support/callbacks.rb:98:in `run_callbacks'
actionpack (6.1.1) lib/action_dispatch/middleware/callbacks.rb:26:in `call'
actionpack (6.1.1) lib/action_dispatch/middleware/executor.rb:14:in `call'
actionpack (6.1.1) lib/action_dispatch/middleware/actionable_exceptions.rb:18:in `call'
actionpack (6.1.1) lib/action_dispatch/middleware/debug_exceptions.rb:29:in `call'
web-console (4.1.0) lib/web_console/middleware.rb:132:in `call_app'
web-console (4.1.0) lib/web_console/middleware.rb:28:in `block in call'
web-console (4.1.0) lib/web_console/middleware.rb:17:in `catch'
web-console (4.1.0) lib/web_console/middleware.rb:17:in `call'
actionpack (6.1.1) lib/action_dispatch/middleware/show_exceptions.rb:33:in `call'
railties (6.1.1) lib/rails/rack/logger.rb:37:in `call_app'
railties (6.1.1) lib/rails/rack/logger.rb:26:in `block in call'
activesupport (6.1.1) lib/active_support/tagged_logging.rb:99:in `block in tagged'
activesupport (6.1.1) lib/active_support/tagged_logging.rb:37:in `tagged'
activesupport (6.1.1) lib/active_support/tagged_logging.rb:99:in `tagged'
railties (6.1.1) lib/rails/rack/logger.rb:26:in `call'
sprockets-rails (3.2.2) lib/sprockets/rails/quiet_assets.rb:13:in `call'
actionpack (6.1.1) lib/action_dispatch/middleware/remote_ip.rb:81:in `call'
actionpack (6.1.1) lib/action_dispatch/middleware/request_id.rb:26:in `call'
rack (2.2.3) lib/rack/method_override.rb:24:in `call'
rack (2.2.3) lib/rack/runtime.rb:22:in `call'
activesupport (6.1.1) lib/active_support/cache/strategy/local_cache_middleware.rb:29:in `call'
actionpack (6.1.1) lib/action_dispatch/middleware/executor.rb:14:in `call'
actionpack (6.1.1) lib/action_dispatch/middleware/static.rb:24:in `call'
rack (2.2.3) lib/rack/sendfile.rb:110:in `call'
actionpack (6.1.1) lib/action_dispatch/middleware/host_authorization.rb:98:in `call'
rack-mini-profiler (2.3.0) lib/mini_profiler/profiler.rb:373:in `call'
webpacker (5.2.1) lib/webpacker/dev_server_proxy.rb:25:in `perform_request'
rack-proxy (0.6.5) lib/rack/proxy.rb:57:in `call'
railties (6.1.1) lib/rails/engine.rb:539:in `call'
puma (5.1.1) lib/puma/configuration.rb:246:in `call'
puma (5.1.1) lib/puma/request.rb:76:in `block in handle_request'
puma (5.1.1) lib/puma/thread_pool.rb:337:in `with_force_shutdown'
puma (5.1.1) lib/puma/request.rb:75:in `handle_request'
puma (5.1.1) lib/puma/server.rb:431:in `process_client'
puma (5.1.1) lib/puma/thread_pool.rb:145:in `block in spawn_thread'
Started GET "/" for 127.0.0.1 at 2021-01-20 13:37:11 +0100
  
SyntaxError (C:/Users/pance/Macro_Exclusive/Macro_Exclusive/app/controllers/welcome_controller.rb:2: syntax error, unexpected '/', expecting ';' or '\n'
  def strona/index
            ^
C:/Users/pance/Macro_Exclusive/Macro_Exclusive/app/controllers/welcome_controller.rb:4: syntax error, unexpected `end', expecting end-of-input):
  
app/controllers/welcome_controller.rb:2: syntax error, unexpected '/', expecting ';' or '\n'
app/controllers/welcome_controller.rb:4: syntax error, unexpected `end', expecting end-of-input
app/controllers/welcome_controller.rb:2: syntax error, unexpected '/', expecting ';' or '\n'
app/controllers/welcome_controller.rb:4: syntax error, unexpected `end', expecting end-of-input
app/controllers/welcome_controller.rb:2: syntax error, unexpected '/', expecting ';' or '\n'
app/controllers/welcome_controller.rb:4: syntax error, unexpected `end', expecting end-of-input
Started GET "/" for 127.0.0.1 at 2021-01-20 16:17:30 +0100
  [1m[35m (1.3ms)[0m  [1m[34mSELECT sqlite_version(*)[0m
Processing by PagesController#index as HTML
Completed 406 Not Acceptable in 49ms (ActiveRecord: 0.0ms | Allocations: 2961)


  
ActionController::MissingExactTemplate (PagesController#index is missing a template for request formats: text/html):
  
actionpack (6.1.1) lib/action_controller/metal/implicit_render.rb:45:in `default_render'
actionpack (6.1.1) lib/action_controller/metal/basic_implicit_render.rb:6:in `block in send_action'
<internal:kernel>:90:in `tap'
actionpack (6.1.1) lib/action_controller/metal/basic_implicit_render.rb:6:in `send_action'
actionpack (6.1.1) lib/abstract_controller/base.rb:228:in `process_action'
actionpack (6.1.1) lib/action_controller/metal/rendering.rb:30:in `process_action'
actionpack (6.1.1) lib/abstract_controller/callbacks.rb:42:in `block in process_action'
activesupport (6.1.1) lib/active_support/callbacks.rb:117:in `block in run_callbacks'
actiontext (6.1.1) lib/action_text/rendering.rb:20:in `with_renderer'
actiontext (6.1.1) lib/action_text/engine.rb:55:in `block (4 levels) in <class:Engine>'
activesupport (6.1.1) lib/active_support/callbacks.rb:126:in `instance_exec'
activesupport (6.1.1) lib/active_support/callbacks.rb:126:in `block in run_callbacks'
activesupport (6.1.1) lib/active_support/callbacks.rb:137:in `run_callbacks'
actionpack (6.1.1) lib/abstract_controller/callbacks.rb:41:in `process_action'
actionpack (6.1.1) lib/action_controller/metal/rescue.rb:22:in `process_action'
actionpack (6.1.1) lib/action_controller/metal/instrumentation.rb:34:in `block in process_action'
activesupport (6.1.1) lib/active_support/notifications.rb:203:in `block in instrument'
activesupport (6.1.1) lib/active_support/notifications/instrumenter.rb:24:in `instrument'
activesupport (6.1.1) lib/active_support/notifications.rb:203:in `instrument'
actionpack (6.1.1) lib/action_controller/metal/instrumentation.rb:33:in `process_action'
actionpack (6.1.1) lib/action_controller/metal/params_wrapper.rb:249:in `process_action'
activerecord (6.1.1) lib/active_record/railties/controller_runtime.rb:27:in `process_action'
actionpack (6.1.1) lib/abstract_controller/base.rb:165:in `process'
actionview (6.1.1) lib/action_view/rendering.rb:39:in `process'
actionpack (6.1.1) lib/action_controller/metal.rb:190:in `dispatch'
actionpack (6.1.1) lib/action_controller/metal.rb:254:in `dispatch'
actionpack (6.1.1) lib/action_dispatch/routing/route_set.rb:50:in `dispatch'
actionpack (6.1.1) lib/action_dispatch/routing/route_set.rb:33:in `serve'
actionpack (6.1.1) lib/action_dispatch/journey/router.rb:50:in `block in serve'
actionpack (6.1.1) lib/action_dispatch/journey/router.rb:32:in `each'
actionpack (6.1.1) lib/action_dispatch/journey/router.rb:32:in `serve'
actionpack (6.1.1) lib/action_dispatch/routing/route_set.rb:842:in `call'
rack (2.2.3) lib/rack/tempfile_reaper.rb:15:in `call'
rack (2.2.3) lib/rack/etag.rb:27:in `call'
rack (2.2.3) lib/rack/conditional_get.rb:27:in `call'
rack (2.2.3) lib/rack/head.rb:12:in `call'
actionpack (6.1.1) lib/action_dispatch/http/permissions_policy.rb:22:in `call'
actionpack (6.1.1) lib/action_dispatch/http/content_security_policy.rb:18:in `call'
rack (2.2.3) lib/rack/session/abstract/id.rb:266:in `context'
rack (2.2.3) lib/rack/session/abstract/id.rb:260:in `call'
actionpack (6.1.1) lib/action_dispatch/middleware/cookies.rb:689:in `call'
activerecord (6.1.1) lib/active_record/migration.rb:601:in `call'
actionpack (6.1.1) lib/action_dispatch/middleware/callbacks.rb:27:in `block in call'
activesupport (6.1.1) lib/active_support/callbacks.rb:98:in `run_callbacks'
actionpack (6.1.1) lib/action_dispatch/middleware/callbacks.rb:26:in `call'
actionpack (6.1.1) lib/action_dispatch/middleware/executor.rb:14:in `call'
actionpack (6.1.1) lib/action_dispatch/middleware/actionable_exceptions.rb:18:in `call'
actionpack (6.1.1) lib/action_dispatch/middleware/debug_exceptions.rb:29:in `call'
web-console (4.1.0) lib/web_console/middleware.rb:132:in `call_app'
web-console (4.1.0) lib/web_console/middleware.rb:28:in `block in call'
web-console (4.1.0) lib/web_console/middleware.rb:17:in `catch'
web-console (4.1.0) lib/web_console/middleware.rb:17:in `call'
actionpack (6.1.1) lib/action_dispatch/middleware/show_exceptions.rb:33:in `call'
railties (6.1.1) lib/rails/rack/logger.rb:37:in `call_app'
railties (6.1.1) lib/rails/rack/logger.rb:26:in `block in call'
activesupport (6.1.1) lib/active_support/tagged_logging.rb:99:in `block in tagged'
activesupport (6.1.1) lib/active_support/tagged_logging.rb:37:in `tagged'
activesupport (6.1.1) lib/active_support/tagged_logging.rb:99:in `tagged'
railties (6.1.1) lib/rails/rack/logger.rb:26:in `call'
sprockets-rails (3.2.2) lib/sprockets/rails/quiet_assets.rb:13:in `call'
actionpack (6.1.1) lib/action_dispatch/middleware/remote_ip.rb:81:in `call'
actionpack (6.1.1) lib/action_dispatch/middleware/request_id.rb:26:in `call'
rack (2.2.3) lib/rack/method_override.rb:24:in `call'
rack (2.2.3) lib/rack/runtime.rb:22:in `call'
activesupport (6.1.1) lib/active_support/cache/strategy/local_cache_middleware.rb:29:in `call'
actionpack (6.1.1) lib/action_dispatch/middleware/executor.rb:14:in `call'
actionpack (6.1.1) lib/action_dispatch/middleware/static.rb:24:in `call'
rack (2.2.3) lib/rack/sendfile.rb:110:in `call'
actionpack (6.1.1) lib/action_dispatch/middleware/host_authorization.rb:98:in `call'
rack-mini-profiler (2.3.0) lib/mini_profiler/profiler.rb:373:in `call'
webpacker (5.2.1) lib/webpacker/dev_server_proxy.rb:25:in `perform_request'
rack-proxy (0.6.5) lib/rack/proxy.rb:57:in `call'
railties (6.1.1) lib/rails/engine.rb:539:in `call'
puma (5.1.1) lib/puma/configuration.rb:246:in `call'
puma (5.1.1) lib/puma/request.rb:76:in `block in handle_request'
puma (5.1.1) lib/puma/thread_pool.rb:337:in `with_force_shutdown'
puma (5.1.1) lib/puma/request.rb:75:in `handle_request'
puma (5.1.1) lib/puma/server.rb:431:in `process_client'
puma (5.1.1) lib/puma/thread_pool.rb:145:in `block in spawn_thread'
Started GET "/" for 127.0.0.1 at 2021-01-20 16:18:53 +0100
  [1m[35m (0.5ms)[0m  [1m[34mSELECT sqlite_version(*)[0m
Processing by PagesController#index as HTML
  Rendering layout layouts/application.html.erb
  Rendering pages/index.html.erb within layouts/application
  Rendered pages/index.html.erb within layouts/application (Duration: 16.9ms | Allocations: 459)
[Webpacker] Compiling...
[Webpacker] Compilation failed:
D:/Ruby/Ruby30-x64/lib/ruby/gems/3.0.0/gems/webpacker-5.2.1/lib/webpacker/runner.rb:13:in ``': No such file or directory - yarn bin (Errno::ENOENT)
	from D:/Ruby/Ruby30-x64/lib/ruby/gems/3.0.0/gems/webpacker-5.2.1/lib/webpacker/runner.rb:13:in `initialize'
	from D:/Ruby/Ruby30-x64/lib/ruby/gems/3.0.0/gems/webpacker-5.2.1/lib/webpacker/runner.rb:6:in `new'
	from D:/Ruby/Ruby30-x64/lib/ruby/gems/3.0.0/gems/webpacker-5.2.1/lib/webpacker/runner.rb:6:in `run'
	from ./bin/webpack:17:in `block in <main>'
	from ./bin/webpack:16:in `chdir'
	from ./bin/webpack:16:in `<main>'

  Rendered layout layouts/application.html.erb (Duration: 2453.2ms | Allocations: 16736)
Completed 500 Internal Server Error in 2492ms (ActiveRecord: 0.0ms | Allocations: 19755)


  
ActionView::Template::Error (Webpacker can't find application.js in C:/Users/pance/Macro_Exclusive/Macro_Exclusive/public/packs/manifest.json. Possible causes:
1. You want to set webpacker.yml value of compile to true for your environment
   unless you are using the `webpack -w` or the webpack-dev-server.
2. webpack has not yet re-run to reflect updates.
3. You have misconfigured Webpacker's config/webpacker.yml file.
4. Your webpack configuration is not creating a manifest.
Your manifest contains:
{
}
):
     7:     <%= csp_meta_tag %>
     8: 
     9:     <%= stylesheet_link_tag 'application', media: 'all', 'data-turbolinks-track': 'reload' %>
    10:     <%= javascript_pack_tag 'application', 'data-turbolinks-track': 'reload' %>
    11:   </head>
    12: 
    13:   <body>
  
app/views/layouts/application.html.erb:10
Started GET "/" for 127.0.0.1 at 2021-01-20 16:20:17 +0100
Processing by PagesController#index as HTML
  Rendering layout layouts/application.html.erb
  Rendering pages/index.html.erb within layouts/application
  Rendered pages/index.html.erb within layouts/application (Duration: 0.7ms | Allocations: 271)
[Webpacker] Compiling...
[Webpacker] Compilation failed:
D:/Ruby/Ruby30-x64/lib/ruby/gems/3.0.0/gems/webpacker-5.2.1/lib/webpacker/runner.rb:13:in ``': No such file or directory - yarn bin (Errno::ENOENT)
	from D:/Ruby/Ruby30-x64/lib/ruby/gems/3.0.0/gems/webpacker-5.2.1/lib/webpacker/runner.rb:13:in `initialize'
	from D:/Ruby/Ruby30-x64/lib/ruby/gems/3.0.0/gems/webpacker-5.2.1/lib/webpacker/runner.rb:6:in `new'
	from D:/Ruby/Ruby30-x64/lib/ruby/gems/3.0.0/gems/webpacker-5.2.1/lib/webpacker/runner.rb:6:in `run'
	from ./bin/webpack:17:in `block in <main>'
	from ./bin/webpack:16:in `chdir'
	from ./bin/webpack:16:in `<main>'

  Rendered layout layouts/application.html.erb (Duration: 1248.7ms | Allocations: 5982)
Completed 500 Internal Server Error in 1255ms (ActiveRecord: 0.0ms | Allocations: 7107)


  
ActionView::Template::Error (Webpacker can't find application.js in C:/Users/pance/Macro_Exclusive/Macro_Exclusive/public/packs/manifest.json. Possible causes:
1. You want to set webpacker.yml value of compile to true for your environment
   unless you are using the `webpack -w` or the webpack-dev-server.
2. webpack has not yet re-run to reflect updates.
3. You have misconfigured Webpacker's config/webpacker.yml file.
4. Your webpack configuration is not creating a manifest.
Your manifest contains:
{
}
):
     7:     <%= csp_meta_tag %>
     8: 
     9:     <%= stylesheet_link_tag 'application', media: 'all', 'data-turbolinks-track': 'reload' %>
    10:     <%= javascript_pack_tag 'application', 'data-turbolinks-track': 'reload' %>
    11:   </head>
    12: 
    13:   <body>
  
app/views/layouts/application.html.erb:10
Started GET "/" for 127.0.0.1 at 2021-01-20 16:20:20 +0100
Processing by PagesController#index as HTML
  Rendering layout layouts/application.html.erb
  Rendering pages/index.html.erb within layouts/application
  Rendered pages/index.html.erb within layouts/application (Duration: 0.3ms | Allocations: 38)
[Webpacker] Compiling...
[Webpacker] Compilation failed:
D:/Ruby/Ruby30-x64/lib/ruby/gems/3.0.0/gems/webpacker-5.2.1/lib/webpacker/runner.rb:13:in ``': No such file or directory - yarn bin (Errno::ENOENT)
	from D:/Ruby/Ruby30-x64/lib/ruby/gems/3.0.0/gems/webpacker-5.2.1/lib/webpacker/runner.rb:13:in `initialize'
	from D:/Ruby/Ruby30-x64/lib/ruby/gems/3.0.0/gems/webpacker-5.2.1/lib/webpacker/runner.rb:6:in `new'
	from D:/Ruby/Ruby30-x64/lib/ruby/gems/3.0.0/gems/webpacker-5.2.1/lib/webpacker/runner.rb:6:in `run'
	from ./bin/webpack:17:in `block in <main>'
	from ./bin/webpack:16:in `chdir'
	from ./bin/webpack:16:in `<main>'

  Rendered layout layouts/application.html.erb (Duration: 1123.4ms | Allocations: 5480)
Completed 500 Internal Server Error in 1125ms (ActiveRecord: 0.0ms | Allocations: 5837)


  
ActionView::Template::Error (Webpacker can't find application.js in C:/Users/pance/Macro_Exclusive/Macro_Exclusive/public/packs/manifest.json. Possible causes:
1. You want to set webpacker.yml value of compile to true for your environment
   unless you are using the `webpack -w` or the webpack-dev-server.
2. webpack has not yet re-run to reflect updates.
3. You have misconfigured Webpacker's config/webpacker.yml file.
4. Your webpack configuration is not creating a manifest.
Your manifest contains:
{
}
):
     7:     <%= csp_meta_tag %>
     8: 
     9:     <%= stylesheet_link_tag 'application', media: 'all', 'data-turbolinks-track': 'reload' %>
    10:     <%= javascript_pack_tag 'application', 'data-turbolinks-track': 'reload' %>
    11:   </head>
    12: 
    13:   <body>
  
app/views/layouts/application.html.erb:10
Started GET "/" for 127.0.0.1 at 2021-01-20 16:21:23 +0100
Processing by PagesController#index as HTML
  Rendering layout layouts/application.html.erb
  Rendering pages/index.html.erb within layouts/application
  Rendered pages/index.html.erb within layouts/application (Duration: 1.2ms | Allocations: 270)
[Webpacker] Compiling...
[Webpacker] Compilation failed:
D:/Ruby/Ruby30-x64/lib/ruby/gems/3.0.0/gems/webpacker-5.2.1/lib/webpacker/runner.rb:13:in ``': No such file or directory - yarn bin (Errno::ENOENT)
	from D:/Ruby/Ruby30-x64/lib/ruby/gems/3.0.0/gems/webpacker-5.2.1/lib/webpacker/runner.rb:13:in `initialize'
	from D:/Ruby/Ruby30-x64/lib/ruby/gems/3.0.0/gems/webpacker-5.2.1/lib/webpacker/runner.rb:6:in `new'
	from D:/Ruby/Ruby30-x64/lib/ruby/gems/3.0.0/gems/webpacker-5.2.1/lib/webpacker/runner.rb:6:in `run'
	from ./bin/webpack:17:in `block in <main>'
	from ./bin/webpack:16:in `chdir'
	from ./bin/webpack:16:in `<main>'

  Rendered layout layouts/application.html.erb (Duration: 1192.1ms | Allocations: 5962)
Completed 500 Internal Server Error in 1199ms (ActiveRecord: 0.0ms | Allocations: 7086)


  
ActionView::Template::Error (Webpacker can't find application.js in C:/Users/pance/Macro_Exclusive/Macro_Exclusive/public/packs/manifest.json. Possible causes:
1. You want to set webpacker.yml value of compile to true for your environment
   unless you are using the `webpack -w` or the webpack-dev-server.
2. webpack has not yet re-run to reflect updates.
3. You have misconfigured Webpacker's config/webpacker.yml file.
4. Your webpack configuration is not creating a manifest.
Your manifest contains:
{
}
):
     7:     <%= csp_meta_tag %>
     8: 
     9:     <%= stylesheet_link_tag 'application', media: 'all', 'data-turbolinks-track': 'reload' %>
    10:     <%= javascript_pack_tag 'application', 'data-turbolinks-track': 'reload' %>
    11:   </head>
    12: 
    13:   <body>
  
app/views/layouts/application.html.erb:10
Started GET "/" for 127.0.0.1 at 2021-01-20 16:26:46 +0100
  [1m[35m (0.6ms)[0m  [1m[34mSELECT sqlite_version(*)[0m
Processing by PagesController#index as HTML
  Rendering layout layouts/application.html.erb
  Rendering pages/index.html.erb within layouts/application
  Rendered pages/index.html.erb within layouts/application (Duration: 7.6ms | Allocations: 459)
[Webpacker] Compiling...
[Webpacker] Compiled all packs in C:/Users/pance/Macro_Exclusive/Macro_Exclusive/public/packs
[Webpacker] Hash: 415a948d492e21802f43
Version: webpack 4.46.0
Time: 1638ms
Built at: 20.01.2021 16:26:50
                                     Asset       Size       Chunks                         Chunk Names
    js/application-d5a3c3b4dce84b5eb605.js    125 KiB  application  [emitted] [immutable]  application
js/application-d5a3c3b4dce84b5eb605.js.map    139 KiB  application  [emitted] [dev]        application
                             manifest.json  364 bytes               [emitted]              
Entrypoint application = js/application-d5a3c3b4dce84b5eb605.js js/application-d5a3c3b4dce84b5eb605.js.map
[./app/javascript/channels sync recursive _channel\.js$] ./app/javascript/channels sync _channel\.js$ 160 bytes {application} [built]
[./app/javascript/channels/index.js] 211 bytes {application} [built]
[./app/javascript/packs/application.js] 492 bytes {application} [built]
[./node_modules/webpack/buildin/module.js] (webpack)/buildin/module.js 552 bytes {application} [built]
    + 3 hidden modules

  Rendered layout layouts/application.html.erb (Duration: 3816.6ms | Allocations: 8050)
Completed 200 OK in 3865ms (Views: 3838.4ms | ActiveRecord: 0.0ms | Allocations: 11124)


Started GET "/style.css" for 127.0.0.1 at 2021-01-20 16:26:51 +0100
Started GET "/js/boxOver.js" for 127.0.0.1 at 2021-01-20 16:26:51 +0100
  
ActionController::RoutingError (No route matches [GET] "/style.css"):
  
Started GET "/images/banner728.jpg" for 127.0.0.1 at 2021-01-20 16:26:51 +0100
  
ActionController::RoutingError (No route matches [GET] "/js/boxOver.js"):
  
Started GET "/images/p1.jpg" for 127.0.0.1 at 2021-01-20 16:26:51 +0100
  
ActionController::RoutingError (No route matches [GET] "/images/banner728.jpg"):
  
Started GET "/images/logo.png" for 127.0.0.1 at 2021-01-20 16:26:51 +0100
  
ActionController::RoutingError (No route matches [GET] "/images/p1.jpg"):
  
  
ActionController::RoutingError (No route matches [GET] "/images/logo.png"):
  
Started GET "/images/p6.jpg" for 127.0.0.1 at 2021-01-20 16:26:52 +0100
Started GET "/images/t3.webp" for 127.0.0.1 at 2021-01-20 16:26:52 +0100
  
ActionController::RoutingError (No route matches [GET] "/images/p6.jpg"):
  
Started GET "/images/H310-1196.png" for 127.0.0.1 at 2021-01-20 16:26:52 +0100
  
ActionController::RoutingError (No route matches [GET] "/images/t3.webp"):
  
Started GET "/images/s3.jpg" for 127.0.0.1 at 2021-01-20 16:26:52 +0100
  
ActionController::RoutingError (No route matches [GET] "/images/H310-1196.png"):
  
Started GET "/images/p7.jpg" for 127.0.0.1 at 2021-01-20 16:26:53 +0100
  
ActionController::RoutingError (No route matches [GET] "/images/s3.jpg"):
  
Started GET "/images/p3.jpg" for 127.0.0.1 at 2021-01-20 16:26:53 +0100
  
ActionController::RoutingError (No route matches [GET] "/images/p7.jpg"):
  
Started GET "/images/p5.jpg" for 127.0.0.1 at 2021-01-20 16:26:53 +0100
  
ActionController::RoutingError (No route matches [GET] "/images/p3.jpg"):
  
Started GET "/images/shoppingcart.png" for 127.0.0.1 at 2021-01-20 16:26:53 +0100
  
ActionController::RoutingError (No route matches [GET] "/images/p5.jpg"):
  
Started GET "/images/p2.jpg" for 127.0.0.1 at 2021-01-20 16:26:53 +0100
  
ActionController::RoutingError (No route matches [GET] "/images/shoppingcart.png"):
  
Started GET "/images/csscreme.jpg" for 127.0.0.1 at 2021-01-20 16:26:53 +0100
  
ActionController::RoutingError (No route matches [GET] "/images/p2.jpg"):
  
Started GET "/images/payment.gif" for 127.0.0.1 at 2021-01-20 16:26:53 +0100
  
ActionController::RoutingError (No route matches [GET] "/images/csscreme.jpg"):
  
  
ActionController::RoutingError (No route matches [GET] "/images/payment.gif"):
  
Started GET "/" for 127.0.0.1 at 2021-01-20 16:29:09 +0100
Processing by PagesController#index as HTML
  Rendering layout layouts/application.html.erb
  Rendering pages/index.html.erb within layouts/application
  Rendered pages/index.html.erb within layouts/application (Duration: 3.6ms | Allocations: 275)
[Webpacker] Everything's up-to-date. Nothing to do
  Rendered layout layouts/application.html.erb (Duration: 39.6ms | Allocations: 3952)
Completed 200 OK in 47ms (Views: 45.2ms | ActiveRecord: 0.0ms | Allocations: 5161)


Started GET "/js/boxOver.js" for 127.0.0.1 at 2021-01-20 16:29:09 +0100
Started GET "/style.css" for 127.0.0.1 at 2021-01-20 16:29:09 +0100
  
ActionController::RoutingError (No route matches [GET] "/js/boxOver.js"):
  
Started GET "/images/logo.png" for 127.0.0.1 at 2021-01-20 16:29:09 +0100
  
ActionController::RoutingError (No route matches [GET] "/style.css"):
  
Started GET "/images/p1.jpg" for 127.0.0.1 at 2021-01-20 16:29:09 +0100
  
ActionController::RoutingError (No route matches [GET] "/images/logo.png"):
  
Started GET "/images/banner728.jpg" for 127.0.0.1 at 2021-01-20 16:29:09 +0100
  
ActionController::RoutingError (No route matches [GET] "/images/p1.jpg"):
  
Started GET "/images/p6.jpg" for 127.0.0.1 at 2021-01-20 16:29:09 +0100
  
ActionController::RoutingError (No route matches [GET] "/images/banner728.jpg"):
  
Started GET "/images/p5.jpg" for 127.0.0.1 at 2021-01-20 16:29:10 +0100
  
ActionController::RoutingError (No route matches [GET] "/images/p6.jpg"):
  
Started GET "/images/t3.webp" for 127.0.0.1 at 2021-01-20 16:29:10 +0100
  
ActionController::RoutingError (No route matches [GET] "/images/p5.jpg"):
  
Started GET "/js/boxOver.js" for 127.0.0.1 at 2021-01-20 16:29:10 +0100
  
ActionController::RoutingError (No route matches [GET] "/images/t3.webp"):
  
Started GET "/images/s3.jpg" for 127.0.0.1 at 2021-01-20 16:29:10 +0100
  
ActionController::RoutingError (No route matches [GET] "/js/boxOver.js"):
  
Started GET "/images/H310-1196.png" for 127.0.0.1 at 2021-01-20 16:29:10 +0100
  
ActionController::RoutingError (No route matches [GET] "/images/s3.jpg"):
  
Started GET "/images/p7.jpg" for 127.0.0.1 at 2021-01-20 16:29:10 +0100
  
ActionController::RoutingError (No route matches [GET] "/images/H310-1196.png"):
  
Started GET "/images/p3.jpg" for 127.0.0.1 at 2021-01-20 16:29:10 +0100
  
ActionController::RoutingError (No route matches [GET] "/images/p7.jpg"):
  
Started GET "/images/shoppingcart.png" for 127.0.0.1 at 2021-01-20 16:29:10 +0100
  
ActionController::RoutingError (No route matches [GET] "/images/p3.jpg"):
  
Started GET "/images/p2.jpg" for 127.0.0.1 at 2021-01-20 16:29:10 +0100
  
ActionController::RoutingError (No route matches [GET] "/images/shoppingcart.png"):
  
Started GET "/images/p1.jpg" for 127.0.0.1 at 2021-01-20 16:29:11 +0100
  
ActionController::RoutingError (No route matches [GET] "/images/p2.jpg"):
  
Started GET "/images/csscreme.jpg" for 127.0.0.1 at 2021-01-20 16:29:11 +0100
  
ActionController::RoutingError (No route matches [GET] "/images/p1.jpg"):
  
Started GET "/images/logo.png" for 127.0.0.1 at 2021-01-20 16:29:11 +0100
  
ActionController::RoutingError (No route matches [GET] "/images/csscreme.jpg"):
  
Started GET "/images/payment.gif" for 127.0.0.1 at 2021-01-20 16:29:11 +0100
  
ActionController::RoutingError (No route matches [GET] "/images/logo.png"):
  
  
ActionController::RoutingError (No route matches [GET] "/images/payment.gif"):
  
Started GET "/" for 127.0.0.1 at 2021-01-20 16:29:58 +0100
Processing by PagesController#index as HTML
  Rendering layout layouts/application.html.erb
  Rendering pages/index.html.erb within layouts/application
  Rendered pages/index.html.erb within layouts/application (Duration: 0.1ms | Allocations: 38)
[Webpacker] Everything's up-to-date. Nothing to do
  Rendered layout layouts/application.html.erb (Duration: 34.9ms | Allocations: 3457)
Completed 200 OK in 36ms (Views: 35.8ms | ActiveRecord: 0.0ms | Allocations: 3898)


Started GET "/style.css" for 127.0.0.1 at 2021-01-20 16:29:59 +0100
Started GET "/js/boxOver.js" for 127.0.0.1 at 2021-01-20 16:29:59 +0100
  
ActionController::RoutingError (No route matches [GET] "/style.css"):
  
Started GET "/images/banner728.jpg" for 127.0.0.1 at 2021-01-20 16:29:59 +0100
  
ActionController::RoutingError (No route matches [GET] "/js/boxOver.js"):
  
Started GET "/images/logo.png" for 127.0.0.1 at 2021-01-20 16:29:59 +0100
  
ActionController::RoutingError (No route matches [GET] "/images/banner728.jpg"):
  
Started GET "/images/p1.jpg" for 127.0.0.1 at 2021-01-20 16:29:59 +0100
  
ActionController::RoutingError (No route matches [GET] "/images/logo.png"):
  
Started GET "/images/p6.jpg" for 127.0.0.1 at 2021-01-20 16:29:59 +0100
  
ActionController::RoutingError (No route matches [GET] "/images/p1.jpg"):
  
Started GET "/images/p5.jpg" for 127.0.0.1 at 2021-01-20 16:29:59 +0100
  
ActionController::RoutingError (No route matches [GET] "/images/p6.jpg"):
  
Started GET "/images/t3.webp" for 127.0.0.1 at 2021-01-20 16:29:59 +0100
  
ActionController::RoutingError (No route matches [GET] "/images/p5.jpg"):
  
Started GET "/images/H310-1196.png" for 127.0.0.1 at 2021-01-20 16:29:59 +0100
  
ActionController::RoutingError (No route matches [GET] "/images/t3.webp"):
  
Started GET "/images/p7.jpg" for 127.0.0.1 at 2021-01-20 16:29:59 +0100
  
ActionController::RoutingError (No route matches [GET] "/images/H310-1196.png"):
  
Started GET "/images/s3.jpg" for 127.0.0.1 at 2021-01-20 16:30:00 +0100
  
ActionController::RoutingError (No route matches [GET] "/images/p7.jpg"):
  
Started GET "/images/p3.jpg" for 127.0.0.1 at 2021-01-20 16:30:00 +0100
  
ActionController::RoutingError (No route matches [GET] "/images/s3.jpg"):
  
Started GET "/images/shoppingcart.png" for 127.0.0.1 at 2021-01-20 16:30:00 +0100
  
ActionController::RoutingError (No route matches [GET] "/images/p3.jpg"):
  
Started GET "/images/p2.jpg" for 127.0.0.1 at 2021-01-20 16:30:00 +0100
  
ActionController::RoutingError (No route matches [GET] "/images/shoppingcart.png"):
  
Started GET "/images/csscreme.jpg" for 127.0.0.1 at 2021-01-20 16:30:00 +0100
  
ActionController::RoutingError (No route matches [GET] "/images/p2.jpg"):
  
Started GET "/images/payment.gif" for 127.0.0.1 at 2021-01-20 16:30:00 +0100
  
ActionController::RoutingError (No route matches [GET] "/images/csscreme.jpg"):
  
  
ActionController::RoutingError (No route matches [GET] "/images/payment.gif"):
  
Started GET "/index.html" for 127.0.0.1 at 2021-01-20 16:30:13 +0100
  
ActionController::RoutingError (No route matches [GET] "/index.html"):
  
Started GET "/images/banner728.jpg" for 127.0.0.1 at 2021-01-20 16:30:13 +0100
Started GET "/images/p1.jpg" for 127.0.0.1 at 2021-01-20 16:30:13 +0100
  
ActionController::RoutingError (No route matches [GET] "/images/banner728.jpg"):
  
Started GET "/images/p5.jpg" for 127.0.0.1 at 2021-01-20 16:30:13 +0100
  
ActionController::RoutingError (No route matches [GET] "/images/p1.jpg"):
  
Started GET "/images/p6.jpg" for 127.0.0.1 at 2021-01-20 16:30:13 +0100
  
ActionController::RoutingError (No route matches [GET] "/images/p5.jpg"):
  
Started GET "/images/logo.png" for 127.0.0.1 at 2021-01-20 16:30:13 +0100
  
ActionController::RoutingError (No route matches [GET] "/images/p6.jpg"):
  
Started GET "/images/t3.webp" for 127.0.0.1 at 2021-01-20 16:30:14 +0100
  
ActionController::RoutingError (No route matches [GET] "/images/logo.png"):
  
Started GET "/images/H310-1196.png" for 127.0.0.1 at 2021-01-20 16:30:14 +0100
  
ActionController::RoutingError (No route matches [GET] "/images/t3.webp"):
  
Started GET "/images/s3.jpg" for 127.0.0.1 at 2021-01-20 16:30:14 +0100
  
ActionController::RoutingError (No route matches [GET] "/images/H310-1196.png"):
  
Started GET "/images/p3.jpg" for 127.0.0.1 at 2021-01-20 16:30:14 +0100
  
ActionController::RoutingError (No route matches [GET] "/images/s3.jpg"):
  
Started GET "/images/shoppingcart.png" for 127.0.0.1 at 2021-01-20 16:30:14 +0100
  
ActionController::RoutingError (No route matches [GET] "/images/p3.jpg"):
  
Started GET "/images/p7.jpg" for 127.0.0.1 at 2021-01-20 16:30:14 +0100
  
ActionController::RoutingError (No route matches [GET] "/images/shoppingcart.png"):
  
Started GET "/images/p2.jpg" for 127.0.0.1 at 2021-01-20 16:30:14 +0100
  
ActionController::RoutingError (No route matches [GET] "/images/p7.jpg"):
  
Started GET "/images/csscreme.jpg" for 127.0.0.1 at 2021-01-20 16:30:14 +0100
  
ActionController::RoutingError (No route matches [GET] "/images/p2.jpg"):
  
Started GET "/images/payment.gif" for 127.0.0.1 at 2021-01-20 16:30:14 +0100
  
ActionController::RoutingError (No route matches [GET] "/images/csscreme.jpg"):
  
  
ActionController::RoutingError (No route matches [GET] "/images/payment.gif"):
  
Started GET "/images/banner728.jpg" for 127.0.0.1 at 2021-01-20 16:30:16 +0100
Started GET "/images/logo.png" for 127.0.0.1 at 2021-01-20 16:30:16 +0100
  
ActionController::RoutingError (No route matches [GET] "/images/banner728.jpg"):
  
Started GET "/images/p1.jpg" for 127.0.0.1 at 2021-01-20 16:30:16 +0100
  
ActionController::RoutingError (No route matches [GET] "/images/logo.png"):
  
Started GET "/images/p5.jpg" for 127.0.0.1 at 2021-01-20 16:30:16 +0100
  
ActionController::RoutingError (No route matches [GET] "/images/p1.jpg"):
  
Started GET "/images/p6.jpg" for 127.0.0.1 at 2021-01-20 16:30:16 +0100
  
ActionController::RoutingError (No route matches [GET] "/images/p5.jpg"):
  
Started GET "/" for 127.0.0.1 at 2021-01-20 16:30:16 +0100
  
ActionController::RoutingError (No route matches [GET] "/images/p6.jpg"):
  
Started GET "/images/t3.webp" for 127.0.0.1 at 2021-01-20 16:30:16 +0100
Processing by PagesController#index as HTML
  Rendering layout layouts/application.html.erb
  Rendering pages/index.html.erb within layouts/application
  Rendered pages/index.html.erb within layouts/application (Duration: 0.1ms | Allocations: 38)
Started GET "/images/s3.jpg" for 127.0.0.1 at 2021-01-20 16:30:16 +0100
  
ActionController::RoutingError (No route matches [GET] "/images/t3.webp"):
  
[Webpacker] Everything's up-to-date. Nothing to do
  Rendered layout layouts/application.html.erb (Duration: 100.3ms | Allocations: 33341)
Completed 200 OK in 102ms (Views: 101.4ms | ActiveRecord: 0.0ms | Allocations: 33793)


Started GET "/images/H310-1196.png" for 127.0.0.1 at 2021-01-20 16:30:16 +0100
  
ActionController::RoutingError (No route matches [GET] "/images/s3.jpg"):
  
Started GET "/images/p7.jpg" for 127.0.0.1 at 2021-01-20 16:30:16 +0100
  
ActionController::RoutingError (No route matches [GET] "/images/H310-1196.png"):
  
Started GET "/images/shoppingcart.png" for 127.0.0.1 at 2021-01-20 16:30:16 +0100
  
ActionController::RoutingError (No route matches [GET] "/images/p7.jpg"):
  
Started GET "/images/p3.jpg" for 127.0.0.1 at 2021-01-20 16:30:17 +0100
  
ActionController::RoutingError (No route matches [GET] "/images/shoppingcart.png"):
  
Started GET "/style.css" for 127.0.0.1 at 2021-01-20 16:30:17 +0100
  
ActionController::RoutingError (No route matches [GET] "/images/p3.jpg"):
  
Started GET "/js/boxOver.js" for 127.0.0.1 at 2021-01-20 16:30:17 +0100
  
ActionController::RoutingError (No route matches [GET] "/style.css"):
  
Started GET "/images/banner728.jpg" for 127.0.0.1 at 2021-01-20 16:30:17 +0100
  
ActionController::RoutingError (No route matches [GET] "/js/boxOver.js"):
  
Started GET "/images/logo.png" for 127.0.0.1 at 2021-01-20 16:30:17 +0100
  
ActionController::RoutingError (No route matches [GET] "/images/banner728.jpg"):
  
Started GET "/images/p1.jpg" for 127.0.0.1 at 2021-01-20 16:30:17 +0100
  
ActionController::RoutingError (No route matches [GET] "/images/logo.png"):
  
Started GET "/images/p6.jpg" for 127.0.0.1 at 2021-01-20 16:30:17 +0100
  
ActionController::RoutingError (No route matches [GET] "/images/p1.jpg"):
  
Started GET "/images/p5.jpg" for 127.0.0.1 at 2021-01-20 16:30:17 +0100
  
ActionController::RoutingError (No route matches [GET] "/images/p6.jpg"):
  
Started GET "/images/t3.webp" for 127.0.0.1 at 2021-01-20 16:30:17 +0100
  
ActionController::RoutingError (No route matches [GET] "/images/p5.jpg"):
  
Started GET "/images/H310-1196.png" for 127.0.0.1 at 2021-01-20 16:30:17 +0100
  
ActionController::RoutingError (No route matches [GET] "/images/t3.webp"):
  
Started GET "/images/s3.jpg" for 127.0.0.1 at 2021-01-20 16:30:18 +0100
  
ActionController::RoutingError (No route matches [GET] "/images/H310-1196.png"):
  
Started GET "/images/p7.jpg" for 127.0.0.1 at 2021-01-20 16:30:18 +0100
  
ActionController::RoutingError (No route matches [GET] "/images/s3.jpg"):
  
Started GET "/images/p3.jpg" for 127.0.0.1 at 2021-01-20 16:30:18 +0100
  
ActionController::RoutingError (No route matches [GET] "/images/p7.jpg"):
  
Started GET "/images/shoppingcart.png" for 127.0.0.1 at 2021-01-20 16:30:18 +0100
  
ActionController::RoutingError (No route matches [GET] "/images/p3.jpg"):
  
Started GET "/images/p2.jpg" for 127.0.0.1 at 2021-01-20 16:30:18 +0100
  
ActionController::RoutingError (No route matches [GET] "/images/shoppingcart.png"):
  
Started GET "/images/csscreme.jpg" for 127.0.0.1 at 2021-01-20 16:30:18 +0100
  
ActionController::RoutingError (No route matches [GET] "/images/p2.jpg"):
  
Started GET "/images/payment.gif" for 127.0.0.1 at 2021-01-20 16:30:18 +0100
  
ActionController::RoutingError (No route matches [GET] "/images/csscreme.jpg"):
  
Started GET "/products.html" for 127.0.0.1 at 2021-01-20 16:30:18 +0100
  
ActionController::RoutingError (No route matches [GET] "/images/payment.gif"):
  
  
ActionController::RoutingError (No route matches [GET] "/products.html"):
  
Started GET "/images/banner728.jpg" for 127.0.0.1 at 2021-01-20 16:30:19 +0100
Started GET "/images/logo.png" for 127.0.0.1 at 2021-01-20 16:30:19 +0100
  
ActionController::RoutingError (No route matches [GET] "/images/banner728.jpg"):
  
Started GET "/images/p1.jpg" for 127.0.0.1 at 2021-01-20 16:30:19 +0100
  
ActionController::RoutingError (No route matches [GET] "/images/logo.png"):
  
Started GET "/images/p6.jpg" for 127.0.0.1 at 2021-01-20 16:30:19 +0100
  
ActionController::RoutingError (No route matches [GET] "/images/p1.jpg"):
  
Started GET "/images/p5.jpg" for 127.0.0.1 at 2021-01-20 16:30:19 +0100
  
ActionController::RoutingError (No route matches [GET] "/images/p6.jpg"):
  
Started GET "/images/t3.webp" for 127.0.0.1 at 2021-01-20 16:30:19 +0100
  
ActionController::RoutingError (No route matches [GET] "/images/p5.jpg"):
  
Started GET "/images/H310-1196.png" for 127.0.0.1 at 2021-01-20 16:30:19 +0100
  
ActionController::RoutingError (No route matches [GET] "/images/t3.webp"):
  
Started GET "/images/p7.jpg" for 127.0.0.1 at 2021-01-20 16:30:19 +0100
  
ActionController::RoutingError (No route matches [GET] "/images/H310-1196.png"):
  
Started GET "/images/p3.jpg" for 127.0.0.1 at 2021-01-20 16:30:19 +0100
  
ActionController::RoutingError (No route matches [GET] "/images/p7.jpg"):
  
Started GET "/images/s3.jpg" for 127.0.0.1 at 2021-01-20 16:30:19 +0100
  
ActionController::RoutingError (No route matches [GET] "/images/p3.jpg"):
  
Started GET "/images/shoppingcart.png" for 127.0.0.1 at 2021-01-20 16:30:19 +0100
  
ActionController::RoutingError (No route matches [GET] "/images/s3.jpg"):
  
Started GET "/images/p2.jpg" for 127.0.0.1 at 2021-01-20 16:30:20 +0100
  
ActionController::RoutingError (No route matches [GET] "/images/shoppingcart.png"):
  
Started GET "/images/csscreme.jpg" for 127.0.0.1 at 2021-01-20 16:30:20 +0100
  
ActionController::RoutingError (No route matches [GET] "/images/p2.jpg"):
  
Started GET "/" for 127.0.0.1 at 2021-01-20 16:30:20 +0100
  
ActionController::RoutingError (No route matches [GET] "/images/csscreme.jpg"):
  
Processing by PagesController#index as HTML
  Rendering layout layouts/application.html.erb
  Rendering pages/index.html.erb within layouts/application
  Rendered pages/index.html.erb within layouts/application (Duration: 0.1ms | Allocations: 38)
Started GET "/images/payment.gif" for 127.0.0.1 at 2021-01-20 16:30:20 +0100
[Webpacker] Everything's up-to-date. Nothing to do
  Rendered layout layouts/application.html.erb (Duration: 96.1ms | Allocations: 26573)
Completed 200 OK in 98ms (Views: 97.1ms | ActiveRecord: 0.0ms | Allocations: 27106)


  
ActionController::RoutingError (No route matches [GET] "/images/payment.gif"):
  
Started GET "/style.css" for 127.0.0.1 at 2021-01-20 16:30:20 +0100
Started GET "/js/boxOver.js" for 127.0.0.1 at 2021-01-20 16:30:20 +0100
  
ActionController::RoutingError (No route matches [GET] "/style.css"):
  
Started GET "/images/banner728.jpg" for 127.0.0.1 at 2021-01-20 16:30:20 +0100
  
ActionController::RoutingError (No route matches [GET] "/js/boxOver.js"):
  
Started GET "/images/logo.png" for 127.0.0.1 at 2021-01-20 16:30:20 +0100
  
ActionController::RoutingError (No route matches [GET] "/images/banner728.jpg"):
  
Started GET "/images/p1.jpg" for 127.0.0.1 at 2021-01-20 16:30:20 +0100
  
ActionController::RoutingError (No route matches [GET] "/images/logo.png"):
  
Started GET "/images/p6.jpg" for 127.0.0.1 at 2021-01-20 16:30:21 +0100
  
ActionController::RoutingError (No route matches [GET] "/images/p1.jpg"):
  
Started GET "/images/p5.jpg" for 127.0.0.1 at 2021-01-20 16:30:21 +0100
  
ActionController::RoutingError (No route matches [GET] "/images/p6.jpg"):
  
Started GET "/images/t3.webp" for 127.0.0.1 at 2021-01-20 16:30:21 +0100
  
ActionController::RoutingError (No route matches [GET] "/images/p5.jpg"):
  
Started GET "/images/H310-1196.png" for 127.0.0.1 at 2021-01-20 16:30:21 +0100
  
ActionController::RoutingError (No route matches [GET] "/images/t3.webp"):
  
Started GET "/images/s3.jpg" for 127.0.0.1 at 2021-01-20 16:30:21 +0100
  
ActionController::RoutingError (No route matches [GET] "/images/H310-1196.png"):
  
Started GET "/images/p7.jpg" for 127.0.0.1 at 2021-01-20 16:30:21 +0100
  
ActionController::RoutingError (No route matches [GET] "/images/s3.jpg"):
  
Started GET "/images/p3.jpg" for 127.0.0.1 at 2021-01-20 16:30:21 +0100
  
ActionController::RoutingError (No route matches [GET] "/images/p7.jpg"):
  
Started GET "/images/p2.jpg" for 127.0.0.1 at 2021-01-20 16:30:21 +0100
  
ActionController::RoutingError (No route matches [GET] "/images/p3.jpg"):
  
Started GET "/images/shoppingcart.png" for 127.0.0.1 at 2021-01-20 16:30:21 +0100
  
ActionController::RoutingError (No route matches [GET] "/images/p2.jpg"):
  
Started GET "/images/payment.gif" for 127.0.0.1 at 2021-01-20 16:30:22 +0100
  
ActionController::RoutingError (No route matches [GET] "/images/shoppingcart.png"):
  
Started GET "/images/csscreme.jpg" for 127.0.0.1 at 2021-01-20 16:30:22 +0100
  
ActionController::RoutingError (No route matches [GET] "/images/payment.gif"):
  
  
ActionController::RoutingError (No route matches [GET] "/images/csscreme.jpg"):
  
Started GET "/contact.html" for 127.0.0.1 at 2021-01-20 16:30:22 +0100
  
ActionController::RoutingError (No route matches [GET] "/contact.html"):
  
Started GET "/images/logo.png" for 127.0.0.1 at 2021-01-20 16:30:22 +0100
Started GET "/images/banner728.jpg" for 127.0.0.1 at 2021-01-20 16:30:22 +0100
  
ActionController::RoutingError (No route matches [GET] "/images/logo.png"):
  
Started GET "/images/p1.jpg" for 127.0.0.1 at 2021-01-20 16:30:22 +0100
  
ActionController::RoutingError (No route matches [GET] "/images/banner728.jpg"):
  
Started GET "/images/p6.jpg" for 127.0.0.1 at 2021-01-20 16:30:22 +0100
  
ActionController::RoutingError (No route matches [GET] "/images/p1.jpg"):
  
Started GET "/images/p5.jpg" for 127.0.0.1 at 2021-01-20 16:30:22 +0100
  
ActionController::RoutingError (No route matches [GET] "/images/p6.jpg"):
  
Started GET "/images/t3.webp" for 127.0.0.1 at 2021-01-20 16:30:22 +0100
  
ActionController::RoutingError (No route matches [GET] "/images/p5.jpg"):
  
Started GET "/images/H310-1196.png" for 127.0.0.1 at 2021-01-20 16:30:23 +0100
  
ActionController::RoutingError (No route matches [GET] "/images/t3.webp"):
  
Started GET "/images/s3.jpg" for 127.0.0.1 at 2021-01-20 16:30:23 +0100
  
ActionController::RoutingError (No route matches [GET] "/images/H310-1196.png"):
  
Started GET "/images/p7.jpg" for 127.0.0.1 at 2021-01-20 16:30:23 +0100
  
ActionController::RoutingError (No route matches [GET] "/images/s3.jpg"):
  
Started GET "/images/p3.jpg" for 127.0.0.1 at 2021-01-20 16:30:23 +0100
  
ActionController::RoutingError (No route matches [GET] "/images/p7.jpg"):
  
Started GET "/images/shoppingcart.png" for 127.0.0.1 at 2021-01-20 16:30:23 +0100
  
ActionController::RoutingError (No route matches [GET] "/images/p3.jpg"):
  
Started GET "/images/p2.jpg" for 127.0.0.1 at 2021-01-20 16:30:23 +0100
  
ActionController::RoutingError (No route matches [GET] "/images/shoppingcart.png"):
  
Started GET "/images/csscreme.jpg" for 127.0.0.1 at 2021-01-20 16:30:23 +0100
  
ActionController::RoutingError (No route matches [GET] "/images/p2.jpg"):
  
  
ActionController::RoutingError (No route matches [GET] "/images/csscreme.jpg"):
  
Started GET "/images/payment.gif" for 127.0.0.1 at 2021-01-20 16:30:23 +0100
  
ActionController::RoutingError (No route matches [GET] "/images/payment.gif"):
  
Started GET "/images/banner728.jpg" for 127.0.0.1 at 2021-01-20 16:30:28 +0100
Started GET "/images/t3.webp" for 127.0.0.1 at 2021-01-20 16:30:28 +0100
  
ActionController::RoutingError (No route matches [GET] "/images/banner728.jpg"):
  
Started GET "/images/p5.jpg" for 127.0.0.1 at 2021-01-20 16:30:28 +0100
  
ActionController::RoutingError (No route matches [GET] "/images/t3.webp"):
  
Started GET "/images/p6.jpg" for 127.0.0.1 at 2021-01-20 16:30:28 +0100
  
ActionController::RoutingError (No route matches [GET] "/images/p5.jpg"):
  
Started GET "/images/p1.jpg" for 127.0.0.1 at 2021-01-20 16:30:28 +0100
  
ActionController::RoutingError (No route matches [GET] "/images/p6.jpg"):
  
Started GET "/images/logo.png" for 127.0.0.1 at 2021-01-20 16:30:29 +0100
  
ActionController::RoutingError (No route matches [GET] "/images/p1.jpg"):
  
Started GET "/images/H310-1196.png" for 127.0.0.1 at 2021-01-20 16:30:29 +0100
  
ActionController::RoutingError (No route matches [GET] "/images/logo.png"):
  
Started GET "/" for 127.0.0.1 at 2021-01-20 16:30:29 +0100
  
ActionController::RoutingError (No route matches [GET] "/images/H310-1196.png"):
  
Started GET "/images/s3.jpg" for 127.0.0.1 at 2021-01-20 16:30:29 +0100
Processing by PagesController#index as HTML
  Rendering layout layouts/application.html.erb
  Rendering pages/index.html.erb within layouts/application
  Rendered pages/index.html.erb within layouts/application (Duration: 0.1ms | Allocations: 38)
Started GET "/images/p3.jpg" for 127.0.0.1 at 2021-01-20 16:30:29 +0100
  
ActionController::RoutingError (No route matches [GET] "/images/s3.jpg"):
  
[Webpacker] Everything's up-to-date. Nothing to do
  Rendered layout layouts/application.html.erb (Duration: 98.4ms | Allocations: 33006)
Completed 200 OK in 102ms (Views: 100.8ms | ActiveRecord: 0.0ms | Allocations: 33463)


Started GET "/images/p7.jpg" for 127.0.0.1 at 2021-01-20 16:30:29 +0100
  
ActionController::RoutingError (No route matches [GET] "/images/p3.jpg"):
  
Started GET "/images/shoppingcart.png" for 127.0.0.1 at 2021-01-20 16:30:29 +0100
  
ActionController::RoutingError (No route matches [GET] "/images/p7.jpg"):
  
Started GET "/images/csscreme.jpg" for 127.0.0.1 at 2021-01-20 16:30:29 +0100
  
ActionController::RoutingError (No route matches [GET] "/images/shoppingcart.png"):
  
Started GET "/images/p2.jpg" for 127.0.0.1 at 2021-01-20 16:30:29 +0100
  
ActionController::RoutingError (No route matches [GET] "/images/csscreme.jpg"):
  
Started GET "/style.css" for 127.0.0.1 at 2021-01-20 16:30:29 +0100
  
ActionController::RoutingError (No route matches [GET] "/images/p2.jpg"):
  
Started GET "/js/boxOver.js" for 127.0.0.1 at 2021-01-20 16:30:30 +0100
  
ActionController::RoutingError (No route matches [GET] "/style.css"):
  
Started GET "/images/banner728.jpg" for 127.0.0.1 at 2021-01-20 16:30:30 +0100
  
ActionController::RoutingError (No route matches [GET] "/js/boxOver.js"):
  
Started GET "/images/logo.png" for 127.0.0.1 at 2021-01-20 16:30:30 +0100
  
ActionController::RoutingError (No route matches [GET] "/images/banner728.jpg"):
  
Started GET "/images/p6.jpg" for 127.0.0.1 at 2021-01-20 16:30:30 +0100
  
ActionController::RoutingError (No route matches [GET] "/images/logo.png"):
  
Started GET "/images/p1.jpg" for 127.0.0.1 at 2021-01-20 16:30:30 +0100
  
ActionController::RoutingError (No route matches [GET] "/images/p6.jpg"):
  
Started GET "/images/p5.jpg" for 127.0.0.1 at 2021-01-20 16:30:30 +0100
  
ActionController::RoutingError (No route matches [GET] "/images/p1.jpg"):
  
Started GET "/images/H310-1196.png" for 127.0.0.1 at 2021-01-20 16:30:30 +0100
  
ActionController::RoutingError (No route matches [GET] "/images/p5.jpg"):
  
Started GET "/images/t3.webp" for 127.0.0.1 at 2021-01-20 16:30:30 +0100
  
ActionController::RoutingError (No route matches [GET] "/images/H310-1196.png"):
  
Started GET "/images/s3.jpg" for 127.0.0.1 at 2021-01-20 16:30:30 +0100
  
ActionController::RoutingError (No route matches [GET] "/images/t3.webp"):
  
Started GET "/images/p7.jpg" for 127.0.0.1 at 2021-01-20 16:30:31 +0100
  
ActionController::RoutingError (No route matches [GET] "/images/s3.jpg"):
  
Started GET "/images/p3.jpg" for 127.0.0.1 at 2021-01-20 16:30:31 +0100
  
ActionController::RoutingError (No route matches [GET] "/images/p7.jpg"):
  
Started GET "/images/shoppingcart.png" for 127.0.0.1 at 2021-01-20 16:30:31 +0100
  
ActionController::RoutingError (No route matches [GET] "/images/p3.jpg"):
  
Started GET "/images/p2.jpg" for 127.0.0.1 at 2021-01-20 16:30:31 +0100
  
ActionController::RoutingError (No route matches [GET] "/images/shoppingcart.png"):
  
Started GET "/images/csscreme.jpg" for 127.0.0.1 at 2021-01-20 16:30:31 +0100
  
ActionController::RoutingError (No route matches [GET] "/images/p2.jpg"):
  
Started GET "/images/payment.gif" for 127.0.0.1 at 2021-01-20 16:30:31 +0100
  
ActionController::RoutingError (No route matches [GET] "/images/csscreme.jpg"):
  
  
ActionController::RoutingError (No route matches [GET] "/images/payment.gif"):
  
Started GET "/" for 127.0.0.1 at 2021-01-20 16:32:14 +0100
Processing by PagesController#index as HTML
  Rendering layout layouts/application.html.erb
  Rendering pages/index.html.erb within layouts/application
  Rendered pages/index.html.erb within layouts/application (Duration: 0.6ms | Allocations: 271)
[Webpacker] Everything's up-to-date. Nothing to do
  Rendered layout layouts/application.html.erb (Duration: 35.3ms | Allocations: 3948)
Completed 200 OK in 43ms (Views: 41.2ms | ActiveRecord: 0.0ms | Allocations: 5155)


Started GET "/style.css" for 127.0.0.1 at 2021-01-20 16:32:14 +0100
Started GET "/js/boxOver.js" for 127.0.0.1 at 2021-01-20 16:32:14 +0100
  
ActionController::RoutingError (No route matches [GET] "/style.css"):
  
Started GET "/images/banner728.jpg" for 127.0.0.1 at 2021-01-20 16:32:14 +0100
  
ActionController::RoutingError (No route matches [GET] "/js/boxOver.js"):
  
Started GET "/images/logo.png" for 127.0.0.1 at 2021-01-20 16:32:14 +0100
  
ActionController::RoutingError (No route matches [GET] "/images/banner728.jpg"):
  
Started GET "/images/p1.jpg" for 127.0.0.1 at 2021-01-20 16:32:14 +0100
  
ActionController::RoutingError (No route matches [GET] "/images/logo.png"):
  
  
ActionController::RoutingError (No route matches [GET] "/images/p1.jpg"):
  
Started GET "/images/p6.jpg" for 127.0.0.1 at 2021-01-20 16:32:15 +0100
Started GET "/images/p5.jpg" for 127.0.0.1 at 2021-01-20 16:32:15 +0100
  
ActionController::RoutingError (No route matches [GET] "/images/p6.jpg"):
  
Started GET "/images/t3.webp" for 127.0.0.1 at 2021-01-20 16:32:15 +0100
  
ActionController::RoutingError (No route matches [GET] "/images/p5.jpg"):
  
Started GET "/js/boxOver.js" for 127.0.0.1 at 2021-01-20 16:32:15 +0100
  
ActionController::RoutingError (No route matches [GET] "/images/t3.webp"):
  
Started GET "/images/H310-1196.png" for 127.0.0.1 at 2021-01-20 16:32:15 +0100
  
ActionController::RoutingError (No route matches [GET] "/js/boxOver.js"):
  
Started GET "/images/s3.jpg" for 127.0.0.1 at 2021-01-20 16:32:15 +0100
  
ActionController::RoutingError (No route matches [GET] "/images/H310-1196.png"):
  
Started GET "/images/p7.jpg" for 127.0.0.1 at 2021-01-20 16:32:15 +0100
  
ActionController::RoutingError (No route matches [GET] "/images/s3.jpg"):
  
Started GET "/images/p3.jpg" for 127.0.0.1 at 2021-01-20 16:32:15 +0100
  
ActionController::RoutingError (No route matches [GET] "/images/p7.jpg"):
  
Started GET "/images/p2.jpg" for 127.0.0.1 at 2021-01-20 16:32:15 +0100
  
ActionController::RoutingError (No route matches [GET] "/images/p3.jpg"):
  
Started GET "/images/shoppingcart.png" for 127.0.0.1 at 2021-01-20 16:32:16 +0100
  
ActionController::RoutingError (No route matches [GET] "/images/p2.jpg"):
  
Started GET "/images/p1.jpg" for 127.0.0.1 at 2021-01-20 16:32:16 +0100
  
ActionController::RoutingError (No route matches [GET] "/images/shoppingcart.png"):
  
Started GET "/images/csscreme.jpg" for 127.0.0.1 at 2021-01-20 16:32:16 +0100
  
ActionController::RoutingError (No route matches [GET] "/images/p1.jpg"):
  
Started GET "/images/payment.gif" for 127.0.0.1 at 2021-01-20 16:32:16 +0100
  
ActionController::RoutingError (No route matches [GET] "/images/csscreme.jpg"):
  
Started GET "/images/logo.png" for 127.0.0.1 at 2021-01-20 16:32:16 +0100
  
ActionController::RoutingError (No route matches [GET] "/images/payment.gif"):
  
  
ActionController::RoutingError (No route matches [GET] "/images/logo.png"):
  
Started GET "/index.html.erb" for 127.0.0.1 at 2021-01-20 16:32:16 +0100
  
ActionController::RoutingError (No route matches [GET] "/index.html.erb"):
  
Started GET "/" for 127.0.0.1 at 2021-01-20 16:32:18 +0100
Processing by PagesController#index as HTML
  Rendering layout layouts/application.html.erb
  Rendering pages/index.html.erb within layouts/application
  Rendered pages/index.html.erb within layouts/application (Duration: 0.1ms | Allocations: 38)
[Webpacker] Everything's up-to-date. Nothing to do
  Rendered layout layouts/application.html.erb (Duration: 35.1ms | Allocations: 3457)
Completed 200 OK in 37ms (Views: 36.2ms | ActiveRecord: 0.0ms | Allocations: 3897)


Started GET "/style.css" for 127.0.0.1 at 2021-01-20 16:32:18 +0100
Started GET "/images/banner728.jpg" for 127.0.0.1 at 2021-01-20 16:32:18 +0100
  
ActionController::RoutingError (No route matches [GET] "/style.css"):
  
Started GET "/images/logo.png" for 127.0.0.1 at 2021-01-20 16:32:18 +0100
  
ActionController::RoutingError (No route matches [GET] "/images/banner728.jpg"):
  
Started GET "/images/p1.jpg" for 127.0.0.1 at 2021-01-20 16:32:18 +0100
  
ActionController::RoutingError (No route matches [GET] "/images/logo.png"):
  
Started GET "/images/p6.jpg" for 127.0.0.1 at 2021-01-20 16:32:18 +0100
  
ActionController::RoutingError (No route matches [GET] "/images/p1.jpg"):
  
Started GET "/images/t3.webp" for 127.0.0.1 at 2021-01-20 16:32:18 +0100
  
ActionController::RoutingError (No route matches [GET] "/images/p6.jpg"):
  
Started GET "/images/p5.jpg" for 127.0.0.1 at 2021-01-20 16:32:18 +0100
  
ActionController::RoutingError (No route matches [GET] "/images/t3.webp"):
  
Started GET "/images/H310-1196.png" for 127.0.0.1 at 2021-01-20 16:32:18 +0100
  
ActionController::RoutingError (No route matches [GET] "/images/p5.jpg"):
  
Started GET "/images/s3.jpg" for 127.0.0.1 at 2021-01-20 16:32:19 +0100
  
ActionController::RoutingError (No route matches [GET] "/images/H310-1196.png"):
  
Started GET "/images/p7.jpg" for 127.0.0.1 at 2021-01-20 16:32:19 +0100
  
ActionController::RoutingError (No route matches [GET] "/images/s3.jpg"):
  
Started GET "/images/p3.jpg" for 127.0.0.1 at 2021-01-20 16:32:19 +0100
  
ActionController::RoutingError (No route matches [GET] "/images/p7.jpg"):
  
Started GET "/images/shoppingcart.png" for 127.0.0.1 at 2021-01-20 16:32:19 +0100
  
ActionController::RoutingError (No route matches [GET] "/images/p3.jpg"):
  
Started GET "/images/p2.jpg" for 127.0.0.1 at 2021-01-20 16:32:19 +0100
  
ActionController::RoutingError (No route matches [GET] "/images/shoppingcart.png"):
  
Started GET "/images/csscreme.jpg" for 127.0.0.1 at 2021-01-20 16:32:19 +0100
  
ActionController::RoutingError (No route matches [GET] "/images/p2.jpg"):
  
Started GET "/images/payment.gif" for 127.0.0.1 at 2021-01-20 16:32:19 +0100
  
ActionController::RoutingError (No route matches [GET] "/images/csscreme.jpg"):
  
  
ActionController::RoutingError (No route matches [GET] "/images/payment.gif"):
  
Started GET "/products.html.erb" for 127.0.0.1 at 2021-01-20 16:32:20 +0100
  
ActionController::RoutingError (No route matches [GET] "/products.html.erb"):
  
Started GET "/" for 127.0.0.1 at 2021-01-20 16:32:21 +0100
Processing by PagesController#index as HTML
  Rendering layout layouts/application.html.erb
  Rendering pages/index.html.erb within layouts/application
  Rendered pages/index.html.erb within layouts/application (Duration: 0.1ms | Allocations: 38)
[Webpacker] Everything's up-to-date. Nothing to do
  Rendered layout layouts/application.html.erb (Duration: 33.9ms | Allocations: 3457)
Completed 200 OK in 35ms (Views: 34.7ms | ActiveRecord: 0.0ms | Allocations: 3896)


Started GET "/images/banner728.jpg" for 127.0.0.1 at 2021-01-20 16:32:22 +0100
Started GET "/images/p5.jpg" for 127.0.0.1 at 2021-01-20 16:32:22 +0100
  
ActionController::RoutingError (No route matches [GET] "/images/banner728.jpg"):
  
Started GET "/images/p6.jpg" for 127.0.0.1 at 2021-01-20 16:32:22 +0100
  
ActionController::RoutingError (No route matches [GET] "/images/p5.jpg"):
  
Started GET "/images/p1.jpg" for 127.0.0.1 at 2021-01-20 16:32:22 +0100
  
ActionController::RoutingError (No route matches [GET] "/images/p6.jpg"):
  
Started GET "/images/t3.webp" for 127.0.0.1 at 2021-01-20 16:32:22 +0100
  
ActionController::RoutingError (No route matches [GET] "/images/p1.jpg"):
  
Started GET "/images/logo.png" for 127.0.0.1 at 2021-01-20 16:32:22 +0100
  
ActionController::RoutingError (No route matches [GET] "/images/t3.webp"):
  
Started GET "/images/H310-1196.png" for 127.0.0.1 at 2021-01-20 16:32:22 +0100
  
ActionController::RoutingError (No route matches [GET] "/images/logo.png"):
  
Started GET "/images/p7.jpg" for 127.0.0.1 at 2021-01-20 16:32:22 +0100
  
ActionController::RoutingError (No route matches [GET] "/images/H310-1196.png"):
  
Started GET "/images/s3.jpg" for 127.0.0.1 at 2021-01-20 16:32:22 +0100
  
ActionController::RoutingError (No route matches [GET] "/images/p7.jpg"):
  
Started GET "/images/shoppingcart.png" for 127.0.0.1 at 2021-01-20 16:32:22 +0100
  
ActionController::RoutingError (No route matches [GET] "/images/s3.jpg"):
  
Started GET "/images/p3.jpg" for 127.0.0.1 at 2021-01-20 16:32:23 +0100
  
ActionController::RoutingError (No route matches [GET] "/images/shoppingcart.png"):
  
Started GET "/images/p2.jpg" for 127.0.0.1 at 2021-01-20 16:32:23 +0100
  
ActionController::RoutingError (No route matches [GET] "/images/p3.jpg"):
  
  
ActionController::RoutingError (No route matches [GET] "/images/p2.jpg"):
  
Started GET "/images/payment.gif" for 127.0.0.1 at 2021-01-20 16:32:23 +0100
  
ActionController::RoutingError (No route matches [GET] "/images/payment.gif"):
  
Started GET "/contact.html.erb" for 127.0.0.1 at 2021-01-20 16:32:23 +0100
  
ActionController::RoutingError (No route matches [GET] "/contact.html.erb"):
  
Started GET "/" for 127.0.0.1 at 2021-01-20 16:32:28 +0100
Processing by PagesController#index as HTML
  Rendering layout layouts/application.html.erb
  Rendering pages/index.html.erb within layouts/application
  Rendered pages/index.html.erb within layouts/application (Duration: 0.1ms | Allocations: 38)
[Webpacker] Everything's up-to-date. Nothing to do
  Rendered layout layouts/application.html.erb (Duration: 38.4ms | Allocations: 3457)
Completed 200 OK in 40ms (Views: 39.5ms | ActiveRecord: 0.0ms | Allocations: 3896)


Started GET "/images/banner728.jpg" for 127.0.0.1 at 2021-01-20 16:32:29 +0100
Started GET "/images/logo.png" for 127.0.0.1 at 2021-01-20 16:32:29 +0100
  
ActionController::RoutingError (No route matches [GET] "/images/banner728.jpg"):
  
Started GET "/images/H310-1196.png" for 127.0.0.1 at 2021-01-20 16:32:29 +0100
  
ActionController::RoutingError (No route matches [GET] "/images/logo.png"):
  
Started GET "/images/s3.jpg" for 127.0.0.1 at 2021-01-20 16:32:29 +0100
  
ActionController::RoutingError (No route matches [GET] "/images/H310-1196.png"):
  
Started GET "/images/p5.jpg" for 127.0.0.1 at 2021-01-20 16:32:29 +0100
  
ActionController::RoutingError (No route matches [GET] "/images/s3.jpg"):
  
Started GET "/images/p1.jpg" for 127.0.0.1 at 2021-01-20 16:32:29 +0100
  
ActionController::RoutingError (No route matches [GET] "/images/p5.jpg"):
  
Started GET "/images/p3.jpg" for 127.0.0.1 at 2021-01-20 16:32:29 +0100
  
ActionController::RoutingError (No route matches [GET] "/images/p1.jpg"):
  
Started GET "/images/shoppingcart.png" for 127.0.0.1 at 2021-01-20 16:32:29 +0100
  
ActionController::RoutingError (No route matches [GET] "/images/p3.jpg"):
  
Started GET "/images/p2.jpg" for 127.0.0.1 at 2021-01-20 16:32:29 +0100
  
ActionController::RoutingError (No route matches [GET] "/images/shoppingcart.png"):
  
  
ActionController::RoutingError (No route matches [GET] "/images/p2.jpg"):
  
Started GET "/images/payment.gif" for 127.0.0.1 at 2021-01-20 16:32:29 +0100
  
ActionController::RoutingError (No route matches [GET] "/images/payment.gif"):
  
Started GET "/index.html.erb" for 127.0.0.1 at 2021-01-20 16:33:20 +0100
  
ActionController::RoutingError (No route matches [GET] "/index.html.erb"):
  
Started GET "/parts.html.erb" for 127.0.0.1 at 2021-01-20 16:33:20 +0100
  
ActionController::RoutingError (No route matches [GET] "/parts.html.erb"):
  
